<?xml version="1.0" encoding="UTF-8"?>
<testsuite xmlns:xsi="http://www.w3.org/2001/XMLSchema-instance" xsi:noNamespaceSchemaLocation="https://maven.apache.org/surefire/maven-surefire-plugin/xsd/surefire-test-report.xsd" name="uitests.checkMainCategoriesTest" time="13.885" tests="1" errors="0" skipped="0" failures="1">
  <properties>
    <property name="java.specification.version" value="19"/>
    <property name="sun.jnu.encoding" value="UTF-8"/>
    <property name="org.uncommons.reportng.escape-output" value="false"/>
    <property name="java.class.path" value="/Users/sergii.myslovskyi/.m2/repository/org/apache/maven/surefire/surefire-booter/2.22.2/surefire-booter-2.22.2.jar:/Users/sergii.myslovskyi/.m2/repository/org/apache/maven/surefire/surefire-api/2.22.2/surefire-api-2.22.2.jar:/Users/sergii.myslovskyi/.m2/repository/org/apache/maven/surefire/surefire-logger-api/2.22.2/surefire-logger-api-2.22.2.jar:/Users/sergii.myslovskyi/Documents/Projects/tui/tui/target/test-classes:/Users/sergii.myslovskyi/Documents/Projects/tui/tui/target/classes:/Users/sergii.myslovskyi/.m2/repository/io/appium/java-client/7.0.0/java-client-7.0.0.jar:/Users/sergii.myslovskyi/.m2/repository/org/seleniumhq/selenium/selenium-support/3.141.59/selenium-support-3.141.59.jar:/Users/sergii.myslovskyi/.m2/repository/com/google/code/gson/gson/2.8.5/gson-2.8.5.jar:/Users/sergii.myslovskyi/.m2/repository/org/apache/httpcomponents/httpclient/4.5.6/httpclient-4.5.6.jar:/Users/sergii.myslovskyi/.m2/repository/org/apache/httpcomponents/httpcore/4.4.10/httpcore-4.4.10.jar:/Users/sergii.myslovskyi/.m2/repository/commons-logging/commons-logging/1.2/commons-logging-1.2.jar:/Users/sergii.myslovskyi/.m2/repository/commons-codec/commons-codec/1.10/commons-codec-1.10.jar:/Users/sergii.myslovskyi/.m2/repository/cglib/cglib/3.2.8/cglib-3.2.8.jar:/Users/sergii.myslovskyi/.m2/repository/org/ow2/asm/asm/6.2.1/asm-6.2.1.jar:/Users/sergii.myslovskyi/.m2/repository/org/apache/ant/ant/1.10.3/ant-1.10.3.jar:/Users/sergii.myslovskyi/.m2/repository/org/apache/ant/ant-launcher/1.10.3/ant-launcher-1.10.3.jar:/Users/sergii.myslovskyi/.m2/repository/commons-validator/commons-validator/1.6/commons-validator-1.6.jar:/Users/sergii.myslovskyi/.m2/repository/commons-digester/commons-digester/1.8.1/commons-digester-1.8.1.jar:/Users/sergii.myslovskyi/.m2/repository/commons-collections/commons-collections/3.2.2/commons-collections-3.2.2.jar:/Users/sergii.myslovskyi/.m2/repository/org/apache/commons/commons-lang3/3.8/commons-lang3-3.8.jar:/Users/sergii.myslovskyi/.m2/repository/commons-io/commons-io/2.6/commons-io-2.6.jar:/Users/sergii.myslovskyi/.m2/repository/org/springframework/spring-context/5.1.0.RELEASE/spring-context-5.1.0.RELEASE.jar:/Users/sergii.myslovskyi/.m2/repository/org/springframework/spring-aop/5.1.0.RELEASE/spring-aop-5.1.0.RELEASE.jar:/Users/sergii.myslovskyi/.m2/repository/org/springframework/spring-beans/5.1.0.RELEASE/spring-beans-5.1.0.RELEASE.jar:/Users/sergii.myslovskyi/.m2/repository/org/springframework/spring-core/5.1.0.RELEASE/spring-core-5.1.0.RELEASE.jar:/Users/sergii.myslovskyi/.m2/repository/org/springframework/spring-jcl/5.1.0.RELEASE/spring-jcl-5.1.0.RELEASE.jar:/Users/sergii.myslovskyi/.m2/repository/org/springframework/spring-expression/5.1.0.RELEASE/spring-expression-5.1.0.RELEASE.jar:/Users/sergii.myslovskyi/.m2/repository/org/aspectj/aspectjweaver/1.9.1/aspectjweaver-1.9.1.jar:/Users/sergii.myslovskyi/.m2/repository/org/slf4j/slf4j-api/1.7.25/slf4j-api-1.7.25.jar:/Users/sergii.myslovskyi/.m2/repository/io/cucumber/cucumber-java/7.11.1/cucumber-java-7.11.1.jar:/Users/sergii.myslovskyi/.m2/repository/io/cucumber/cucumber-core/7.11.1/cucumber-core-7.11.1.jar:/Users/sergii.myslovskyi/.m2/repository/io/cucumber/cucumber-gherkin/7.11.1/cucumber-gherkin-7.11.1.jar:/Users/sergii.myslovskyi/.m2/repository/io/cucumber/cucumber-gherkin-messages/7.11.1/cucumber-gherkin-messages-7.11.1.jar:/Users/sergii.myslovskyi/.m2/repository/io/cucumber/gherkin/26.0.3/gherkin-26.0.3.jar:/Users/sergii.myslovskyi/.m2/repository/io/cucumber/messages/21.0.1/messages-21.0.1.jar:/Users/sergii.myslovskyi/.m2/repository/io/cucumber/tag-expressions/5.0.1/tag-expressions-5.0.1.jar:/Users/sergii.myslovskyi/.m2/repository/io/cucumber/cucumber-expressions/16.1.2/cucumber-expressions-16.1.2.jar:/Users/sergii.myslovskyi/.m2/repository/io/cucumber/datatable/7.11.1/datatable-7.11.1.jar:/Users/sergii.myslovskyi/.m2/repository/io/cucumber/cucumber-plugin/7.11.1/cucumber-plugin-7.11.1.jar:/Users/sergii.myslovskyi/.m2/repository/io/cucumber/docstring/7.11.1/docstring-7.11.1.jar:/Users/sergii.myslovskyi/.m2/repository/io/cucumber/html-formatter/20.2.1/html-formatter-20.2.1.jar:/Users/sergii.myslovskyi/.m2/repository/io/cucumber/junit-xml-formatter/0.1.0/junit-xml-formatter-0.1.0.jar:/Users/sergii.myslovskyi/.m2/repository/io/cucumber/ci-environment/9.1.0/ci-environment-9.1.0.jar:/Users/sergii.myslovskyi/.m2/repository/org/apiguardian/apiguardian-api/1.1.2/apiguardian-api-1.1.2.jar:/Users/sergii.myslovskyi/.m2/repository/info/cukes/cucumber-junit/1.2.5/cucumber-junit-1.2.5.jar:/Users/sergii.myslovskyi/.m2/repository/junit/junit/4.12/junit-4.12.jar:/Users/sergii.myslovskyi/.m2/repository/org/hamcrest/hamcrest-core/1.3/hamcrest-core-1.3.jar:/Users/sergii.myslovskyi/.m2/repository/info/cukes/cucumber-java/1.2.5/cucumber-java-1.2.5.jar:/Users/sergii.myslovskyi/.m2/repository/io/cucumber/cucumber-testng/7.10.1/cucumber-testng-7.10.1.jar:/Users/sergii.myslovskyi/.m2/repository/info/cukes/gherkin/2.12.2/gherkin-2.12.2.jar:/Users/sergii.myslovskyi/.m2/repository/info/cukes/cucumber-core/1.2.5/cucumber-core-1.2.5.jar:/Users/sergii.myslovskyi/.m2/repository/info/cukes/cucumber-html/0.2.3/cucumber-html-0.2.3.jar:/Users/sergii.myslovskyi/.m2/repository/info/cukes/cucumber-jvm-deps/1.0.5/cucumber-jvm-deps-1.0.5.jar:/Users/sergii.myslovskyi/.m2/repository/info/cukes/cucumber-picocontainer/1.2.5/cucumber-picocontainer-1.2.5.jar:/Users/sergii.myslovskyi/.m2/repository/org/picocontainer/picocontainer/2.15/picocontainer-2.15.jar:/Users/sergii.myslovskyi/.m2/repository/org/slf4j/slf4j-log4j12/1.6.6/slf4j-log4j12-1.6.6.jar:/Users/sergii.myslovskyi/.m2/repository/log4j/log4j/1.2.17/log4j-1.2.17.jar:/Users/sergii.myslovskyi/.m2/repository/org/seleniumhq/selenium/selenium-java/3.141.59/selenium-java-3.141.59.jar:/Users/sergii.myslovskyi/.m2/repository/org/seleniumhq/selenium/selenium-edge-driver/3.141.59/selenium-edge-driver-3.141.59.jar:/Users/sergii.myslovskyi/.m2/repository/org/seleniumhq/selenium/selenium-firefox-driver/3.141.59/selenium-firefox-driver-3.141.59.jar:/Users/sergii.myslovskyi/.m2/repository/org/seleniumhq/selenium/selenium-ie-driver/3.141.59/selenium-ie-driver-3.141.59.jar:/Users/sergii.myslovskyi/.m2/repository/org/seleniumhq/selenium/selenium-opera-driver/3.141.59/selenium-opera-driver-3.141.59.jar:/Users/sergii.myslovskyi/.m2/repository/org/seleniumhq/selenium/selenium-remote-driver/3.141.59/selenium-remote-driver-3.141.59.jar:/Users/sergii.myslovskyi/.m2/repository/org/seleniumhq/selenium/selenium-safari-driver/3.141.59/selenium-safari-driver-3.141.59.jar:/Users/sergii.myslovskyi/.m2/repository/net/bytebuddy/byte-buddy/1.8.15/byte-buddy-1.8.15.jar:/Users/sergii.myslovskyi/.m2/repository/org/apache/commons/commons-exec/1.3/commons-exec-1.3.jar:/Users/sergii.myslovskyi/.m2/repository/com/google/guava/guava/25.0-jre/guava-25.0-jre.jar:/Users/sergii.myslovskyi/.m2/repository/com/google/code/findbugs/jsr305/1.3.9/jsr305-1.3.9.jar:/Users/sergii.myslovskyi/.m2/repository/org/checkerframework/checker-compat-qual/2.0.0/checker-compat-qual-2.0.0.jar:/Users/sergii.myslovskyi/.m2/repository/com/google/errorprone/error_prone_annotations/2.1.3/error_prone_annotations-2.1.3.jar:/Users/sergii.myslovskyi/.m2/repository/com/google/j2objc/j2objc-annotations/1.1/j2objc-annotations-1.1.jar:/Users/sergii.myslovskyi/.m2/repository/org/codehaus/mojo/animal-sniffer-annotations/1.14/animal-sniffer-annotations-1.14.jar:/Users/sergii.myslovskyi/.m2/repository/com/squareup/okhttp3/okhttp/3.11.0/okhttp-3.11.0.jar:/Users/sergii.myslovskyi/.m2/repository/com/squareup/okio/okio/1.14.0/okio-1.14.0.jar:/Users/sergii.myslovskyi/.m2/repository/org/seleniumhq/selenium/selenium-chrome-driver/3.141.59/selenium-chrome-driver-3.141.59.jar:/Users/sergii.myslovskyi/.m2/repository/io/github/bonigarcia/webdrivermanager/3.7.1/webdrivermanager-3.7.1.jar:/Users/sergii.myslovskyi/.m2/repository/org/rauschig/jarchivelib/1.0.0/jarchivelib-1.0.0.jar:/Users/sergii.myslovskyi/.m2/repository/org/apache/commons/commons-compress/1.18/commons-compress-1.18.jar:/Users/sergii.myslovskyi/.m2/repository/org/jsoup/jsoup/1.11.3/jsoup-1.11.3.jar:/Users/sergii.myslovskyi/.m2/repository/org/seleniumhq/selenium/selenium-api/3.141.59/selenium-api-3.141.59.jar:/Users/sergii.myslovskyi/.m2/repository/org/testng/testng/7.0.0/testng-7.0.0.jar:/Users/sergii.myslovskyi/.m2/repository/com/beust/jcommander/1.72/jcommander-1.72.jar:/Users/sergii.myslovskyi/.m2/repository/io/qameta/allure/allure-testng/2.13.5/allure-testng-2.13.5.jar:/Users/sergii.myslovskyi/.m2/repository/io/qameta/allure/allure-java-commons/2.13.5/allure-java-commons-2.13.5.jar:/Users/sergii.myslovskyi/.m2/repository/io/qameta/allure/allure-model/2.13.5/allure-model-2.13.5.jar:/Users/sergii.myslovskyi/.m2/repository/org/apache/tika/tika-core/1.20/tika-core-1.20.jar:/Users/sergii.myslovskyi/.m2/repository/org/jooq/joor-java-8/0.9.10/joor-java-8-0.9.10.jar:/Users/sergii.myslovskyi/.m2/repository/io/qameta/allure/allure-maven/2.10.0/allure-maven-2.10.0.jar:/Users/sergii.myslovskyi/.m2/repository/com/fasterxml/jackson/core/jackson-databind/2.9.7/jackson-databind-2.9.7.jar:/Users/sergii.myslovskyi/.m2/repository/com/fasterxml/jackson/core/jackson-annotations/2.9.0/jackson-annotations-2.9.0.jar:/Users/sergii.myslovskyi/.m2/repository/com/fasterxml/jackson/core/jackson-core/2.9.7/jackson-core-2.9.7.jar:/Users/sergii.myslovskyi/.m2/repository/org/apache/maven/maven-core/3.3.9/maven-core-3.3.9.jar:/Users/sergii.myslovskyi/.m2/repository/org/apache/maven/maven-model/3.3.9/maven-model-3.3.9.jar:/Users/sergii.myslovskyi/.m2/repository/org/apache/maven/maven-settings/3.3.9/maven-settings-3.3.9.jar:/Users/sergii.myslovskyi/.m2/repository/org/apache/maven/maven-settings-builder/3.3.9/maven-settings-builder-3.3.9.jar:/Users/sergii.myslovskyi/.m2/repository/org/apache/maven/maven-builder-support/3.3.9/maven-builder-support-3.3.9.jar:/Users/sergii.myslovskyi/.m2/repository/org/apache/maven/maven-repository-metadata/3.3.9/maven-repository-metadata-3.3.9.jar:/Users/sergii.myslovskyi/.m2/repository/org/apache/maven/maven-artifact/3.3.9/maven-artifact-3.3.9.jar:/Users/sergii.myslovskyi/.m2/repository/org/apache/maven/maven-plugin-api/3.3.9/maven-plugin-api-3.3.9.jar:/Users/sergii.myslovskyi/.m2/repository/org/apache/maven/maven-model-builder/3.3.9/maven-model-builder-3.3.9.jar:/Users/sergii.myslovskyi/.m2/repository/org/apache/maven/maven-aether-provider/3.3.9/maven-aether-provider-3.3.9.jar:/Users/sergii.myslovskyi/.m2/repository/org/eclipse/aether/aether-spi/1.0.2.v20150114/aether-spi-1.0.2.v20150114.jar:/Users/sergii.myslovskyi/.m2/repository/org/eclipse/aether/aether-impl/1.0.2.v20150114/aether-impl-1.0.2.v20150114.jar:/Users/sergii.myslovskyi/.m2/repository/org/eclipse/aether/aether-api/1.0.2.v20150114/aether-api-1.0.2.v20150114.jar:/Users/sergii.myslovskyi/.m2/repository/org/eclipse/aether/aether-util/1.0.2.v20150114/aether-util-1.0.2.v20150114.jar:/Users/sergii.myslovskyi/.m2/repository/org/eclipse/sisu/org.eclipse.sisu.plexus/0.3.2/org.eclipse.sisu.plexus-0.3.2.jar:/Users/sergii.myslovskyi/.m2/repository/javax/enterprise/cdi-api/1.0/cdi-api-1.0.jar:/Users/sergii.myslovskyi/.m2/repository/javax/annotation/jsr250-api/1.0/jsr250-api-1.0.jar:/Users/sergii.myslovskyi/.m2/repository/org/eclipse/sisu/org.eclipse.sisu.inject/0.3.2/org.eclipse.sisu.inject-0.3.2.jar:/Users/sergii.myslovskyi/.m2/repository/com/google/inject/guice/4.0/guice-4.0-no_aop.jar:/Users/sergii.myslovskyi/.m2/repository/javax/inject/javax.inject/1/javax.inject-1.jar:/Users/sergii.myslovskyi/.m2/repository/aopalliance/aopalliance/1.0/aopalliance-1.0.jar:/Users/sergii.myslovskyi/.m2/repository/org/codehaus/plexus/plexus-interpolation/1.21/plexus-interpolation-1.21.jar:/Users/sergii.myslovskyi/.m2/repository/org/codehaus/plexus/plexus-utils/3.0.22/plexus-utils-3.0.22.jar:/Users/sergii.myslovskyi/.m2/repository/org/codehaus/plexus/plexus-classworlds/2.5.2/plexus-classworlds-2.5.2.jar:/Users/sergii.myslovskyi/.m2/repository/org/codehaus/plexus/plexus-component-annotations/1.6/plexus-component-annotations-1.6.jar:/Users/sergii.myslovskyi/.m2/repository/org/sonatype/plexus/plexus-sec-dispatcher/1.3/plexus-sec-dispatcher-1.3.jar:/Users/sergii.myslovskyi/.m2/repository/org/sonatype/plexus/plexus-cipher/1.4/plexus-cipher-1.4.jar:/Users/sergii.myslovskyi/.m2/repository/org/apache/maven/reporting/maven-reporting-impl/2.4/maven-reporting-impl-2.4.jar:/Users/sergii.myslovskyi/.m2/repository/org/apache/maven/reporting/maven-reporting-api/3.0/maven-reporting-api-3.0.jar:/Users/sergii.myslovskyi/.m2/repository/org/apache/maven/maven-project/2.2.1/maven-project-2.2.1.jar:/Users/sergii.myslovskyi/.m2/repository/org/apache/maven/maven-profile/2.2.1/maven-profile-2.2.1.jar:/Users/sergii.myslovskyi/.m2/repository/org/apache/maven/maven-artifact-manager/2.2.1/maven-artifact-manager-2.2.1.jar:/Users/sergii.myslovskyi/.m2/repository/backport-util-concurrent/backport-util-concurrent/3.1/backport-util-concurrent-3.1.jar:/Users/sergii.myslovskyi/.m2/repository/org/apache/maven/maven-plugin-registry/2.2.1/maven-plugin-registry-2.2.1.jar:/Users/sergii.myslovskyi/.m2/repository/org/codehaus/plexus/plexus-container-default/1.0-alpha-9-stable-1/plexus-container-default-1.0-alpha-9-stable-1.jar:/Users/sergii.myslovskyi/.m2/repository/classworlds/classworlds/1.1-alpha-2/classworlds-1.1-alpha-2.jar:/Users/sergii.myslovskyi/.m2/repository/org/apache/maven/shared/maven-shared-utils/0.6/maven-shared-utils-0.6.jar:/Users/sergii.myslovskyi/.m2/repository/org/apache/maven/doxia/doxia-sink-api/1.6/doxia-sink-api-1.6.jar:/Users/sergii.myslovskyi/.m2/repository/org/apache/maven/doxia/doxia-logging-api/1.6/doxia-logging-api-1.6.jar:/Users/sergii.myslovskyi/.m2/repository/org/apache/maven/doxia/doxia-core/1.6/doxia-core-1.6.jar:/Users/sergii.myslovskyi/.m2/repository/xerces/xercesImpl/2.9.1/xercesImpl-2.9.1.jar:/Users/sergii.myslovskyi/.m2/repository/commons-lang/commons-lang/2.4/commons-lang-2.4.jar:/Users/sergii.myslovskyi/.m2/repository/xmlunit/xmlunit/1.5/xmlunit-1.5.jar:/Users/sergii.myslovskyi/.m2/repository/org/apache/maven/doxia/doxia-site-renderer/1.6/doxia-site-renderer-1.6.jar:/Users/sergii.myslovskyi/.m2/repository/org/apache/maven/doxia/doxia-decoration-model/1.6/doxia-decoration-model-1.6.jar:/Users/sergii.myslovskyi/.m2/repository/org/apache/maven/doxia/doxia-module-xhtml/1.6/doxia-module-xhtml-1.6.jar:/Users/sergii.myslovskyi/.m2/repository/org/apache/maven/doxia/doxia-module-fml/1.6/doxia-module-fml-1.6.jar:/Users/sergii.myslovskyi/.m2/repository/org/codehaus/plexus/plexus-i18n/1.0-beta-7/plexus-i18n-1.0-beta-7.jar:/Users/sergii.myslovskyi/.m2/repository/org/codehaus/plexus/plexus-velocity/1.1.7/plexus-velocity-1.1.7.jar:/Users/sergii.myslovskyi/.m2/repository/org/apache/velocity/velocity-tools/2.0/velocity-tools-2.0.jar:/Users/sergii.myslovskyi/.m2/repository/commons-chain/commons-chain/1.1/commons-chain-1.1.jar:/Users/sergii.myslovskyi/.m2/repository/dom4j/dom4j/1.1/dom4j-1.1.jar:/Users/sergii.myslovskyi/.m2/repository/sslext/sslext/1.2-0/sslext-1.2-0.jar:/Users/sergii.myslovskyi/.m2/repository/org/apache/struts/struts-core/1.3.8/struts-core-1.3.8.jar:/Users/sergii.myslovskyi/.m2/repository/org/apache/struts/struts-taglib/1.3.8/struts-taglib-1.3.8.jar:/Users/sergii.myslovskyi/.m2/repository/org/apache/struts/struts-tiles/1.3.8/struts-tiles-1.3.8.jar:/Users/sergii.myslovskyi/.m2/repository/commons-beanutils/commons-beanutils/1.9.3/commons-beanutils-1.9.3.jar:/Users/sergii.myslovskyi/.m2/repository/net/lingala/zip4j/zip4j/1.3.2/zip4j-1.3.2.jar:/Users/sergii.myslovskyi/.m2/repository/org/apache/maven/plugin-tools/maven-plugin-annotations/3.2/maven-plugin-annotations-3.2.jar:/Users/sergii.myslovskyi/.m2/repository/org/apache/maven/plugins/maven-jxr-plugin/2.5/maven-jxr-plugin-2.5.jar:/Users/sergii.myslovskyi/.m2/repository/org/apache/velocity/velocity/1.5/velocity-1.5.jar:/Users/sergii.myslovskyi/.m2/repository/oro/oro/2.0.8/oro-2.0.8.jar:/Users/sergii.myslovskyi/.m2/repository/org/apache/maven/maven-jxr/2.5/maven-jxr-2.5.jar:/Users/sergii.myslovskyi/.m2/repository/org/apache/maven/wagon/wagon-provider-api/1.0/wagon-provider-api-1.0.jar:/Users/sergii.myslovskyi/.m2/repository/xml-apis/xml-apis/1.0.b2/xml-apis-1.0.b2.jar:/Users/sergii.myslovskyi/.m2/repository/xalan/xalan/2.7.0/xalan-2.7.0.jar:/Users/sergii.myslovskyi/.m2/repository/org/apache/maven/surefire/surefire-testng/2.22.2/surefire-testng-2.22.2.jar:/Users/sergii.myslovskyi/.m2/repository/org/apache/maven/surefire/common-java5/2.22.2/common-java5-2.22.2.jar:/Users/sergii.myslovskyi/.m2/repository/org/apache/maven/surefire/surefire-testng-utils/2.22.2/surefire-testng-utils-2.22.2.jar:/Users/sergii.myslovskyi/.m2/repository/org/apache/maven/surefire/surefire-grouper/2.22.2/surefire-grouper-2.22.2.jar"/>
    <property name="java.vm.vendor" value="Azul Systems, Inc."/>
    <property name="sun.arch.data.model" value="64"/>
    <property name="java.vendor.url" value="http://www.azul.com/"/>
    <property name="enable.jdbc" value="false"/>
    <property name="os.name" value="Mac OS X"/>
    <property name="java.vm.specification.version" value="19"/>
    <property name="sun.java.launcher" value="SUN_STANDARD"/>
    <property name="user.country" value="GB"/>
    <property name="sun.boot.library.path" value="/Users/sergii.myslovskyi/.sdkman/candidates/java/19.0.2-zulu/zulu-19.jdk/Contents/Home/lib"/>
    <property name="sun.java.command" value="org.apache.maven.surefire.booter.ForkedBooter /Users/sergii.myslovskyi/Documents/Projects/tui/tui/target/surefire 2023-07-13T15-55-37_077-jvmRun1 surefire1305982767413631133tmp surefire_08385316669167266412tmp"/>
    <property name="http.nonProxyHosts" value="local|*.local|169.254/16|*.169.254/16"/>
    <property name="jdk.debug" value="release"/>
    <property name="surefire.test.class.path" value="/Users/sergii.myslovskyi/Documents/Projects/tui/tui/target/test-classes:/Users/sergii.myslovskyi/Documents/Projects/tui/tui/target/classes:/Users/sergii.myslovskyi/.m2/repository/io/appium/java-client/7.0.0/java-client-7.0.0.jar:/Users/sergii.myslovskyi/.m2/repository/org/seleniumhq/selenium/selenium-support/3.141.59/selenium-support-3.141.59.jar:/Users/sergii.myslovskyi/.m2/repository/com/google/code/gson/gson/2.8.5/gson-2.8.5.jar:/Users/sergii.myslovskyi/.m2/repository/org/apache/httpcomponents/httpclient/4.5.6/httpclient-4.5.6.jar:/Users/sergii.myslovskyi/.m2/repository/org/apache/httpcomponents/httpcore/4.4.10/httpcore-4.4.10.jar:/Users/sergii.myslovskyi/.m2/repository/commons-logging/commons-logging/1.2/commons-logging-1.2.jar:/Users/sergii.myslovskyi/.m2/repository/commons-codec/commons-codec/1.10/commons-codec-1.10.jar:/Users/sergii.myslovskyi/.m2/repository/cglib/cglib/3.2.8/cglib-3.2.8.jar:/Users/sergii.myslovskyi/.m2/repository/org/ow2/asm/asm/6.2.1/asm-6.2.1.jar:/Users/sergii.myslovskyi/.m2/repository/org/apache/ant/ant/1.10.3/ant-1.10.3.jar:/Users/sergii.myslovskyi/.m2/repository/org/apache/ant/ant-launcher/1.10.3/ant-launcher-1.10.3.jar:/Users/sergii.myslovskyi/.m2/repository/commons-validator/commons-validator/1.6/commons-validator-1.6.jar:/Users/sergii.myslovskyi/.m2/repository/commons-digester/commons-digester/1.8.1/commons-digester-1.8.1.jar:/Users/sergii.myslovskyi/.m2/repository/commons-collections/commons-collections/3.2.2/commons-collections-3.2.2.jar:/Users/sergii.myslovskyi/.m2/repository/org/apache/commons/commons-lang3/3.8/commons-lang3-3.8.jar:/Users/sergii.myslovskyi/.m2/repository/commons-io/commons-io/2.6/commons-io-2.6.jar:/Users/sergii.myslovskyi/.m2/repository/org/springframework/spring-context/5.1.0.RELEASE/spring-context-5.1.0.RELEASE.jar:/Users/sergii.myslovskyi/.m2/repository/org/springframework/spring-aop/5.1.0.RELEASE/spring-aop-5.1.0.RELEASE.jar:/Users/sergii.myslovskyi/.m2/repository/org/springframework/spring-beans/5.1.0.RELEASE/spring-beans-5.1.0.RELEASE.jar:/Users/sergii.myslovskyi/.m2/repository/org/springframework/spring-core/5.1.0.RELEASE/spring-core-5.1.0.RELEASE.jar:/Users/sergii.myslovskyi/.m2/repository/org/springframework/spring-jcl/5.1.0.RELEASE/spring-jcl-5.1.0.RELEASE.jar:/Users/sergii.myslovskyi/.m2/repository/org/springframework/spring-expression/5.1.0.RELEASE/spring-expression-5.1.0.RELEASE.jar:/Users/sergii.myslovskyi/.m2/repository/org/aspectj/aspectjweaver/1.9.1/aspectjweaver-1.9.1.jar:/Users/sergii.myslovskyi/.m2/repository/org/slf4j/slf4j-api/1.7.25/slf4j-api-1.7.25.jar:/Users/sergii.myslovskyi/.m2/repository/io/cucumber/cucumber-java/7.11.1/cucumber-java-7.11.1.jar:/Users/sergii.myslovskyi/.m2/repository/io/cucumber/cucumber-core/7.11.1/cucumber-core-7.11.1.jar:/Users/sergii.myslovskyi/.m2/repository/io/cucumber/cucumber-gherkin/7.11.1/cucumber-gherkin-7.11.1.jar:/Users/sergii.myslovskyi/.m2/repository/io/cucumber/cucumber-gherkin-messages/7.11.1/cucumber-gherkin-messages-7.11.1.jar:/Users/sergii.myslovskyi/.m2/repository/io/cucumber/gherkin/26.0.3/gherkin-26.0.3.jar:/Users/sergii.myslovskyi/.m2/repository/io/cucumber/messages/21.0.1/messages-21.0.1.jar:/Users/sergii.myslovskyi/.m2/repository/io/cucumber/tag-expressions/5.0.1/tag-expressions-5.0.1.jar:/Users/sergii.myslovskyi/.m2/repository/io/cucumber/cucumber-expressions/16.1.2/cucumber-expressions-16.1.2.jar:/Users/sergii.myslovskyi/.m2/repository/io/cucumber/datatable/7.11.1/datatable-7.11.1.jar:/Users/sergii.myslovskyi/.m2/repository/io/cucumber/cucumber-plugin/7.11.1/cucumber-plugin-7.11.1.jar:/Users/sergii.myslovskyi/.m2/repository/io/cucumber/docstring/7.11.1/docstring-7.11.1.jar:/Users/sergii.myslovskyi/.m2/repository/io/cucumber/html-formatter/20.2.1/html-formatter-20.2.1.jar:/Users/sergii.myslovskyi/.m2/repository/io/cucumber/junit-xml-formatter/0.1.0/junit-xml-formatter-0.1.0.jar:/Users/sergii.myslovskyi/.m2/repository/io/cucumber/ci-environment/9.1.0/ci-environment-9.1.0.jar:/Users/sergii.myslovskyi/.m2/repository/org/apiguardian/apiguardian-api/1.1.2/apiguardian-api-1.1.2.jar:/Users/sergii.myslovskyi/.m2/repository/info/cukes/cucumber-junit/1.2.5/cucumber-junit-1.2.5.jar:/Users/sergii.myslovskyi/.m2/repository/junit/junit/4.12/junit-4.12.jar:/Users/sergii.myslovskyi/.m2/repository/org/hamcrest/hamcrest-core/1.3/hamcrest-core-1.3.jar:/Users/sergii.myslovskyi/.m2/repository/info/cukes/cucumber-java/1.2.5/cucumber-java-1.2.5.jar:/Users/sergii.myslovskyi/.m2/repository/io/cucumber/cucumber-testng/7.10.1/cucumber-testng-7.10.1.jar:/Users/sergii.myslovskyi/.m2/repository/info/cukes/gherkin/2.12.2/gherkin-2.12.2.jar:/Users/sergii.myslovskyi/.m2/repository/info/cukes/cucumber-core/1.2.5/cucumber-core-1.2.5.jar:/Users/sergii.myslovskyi/.m2/repository/info/cukes/cucumber-html/0.2.3/cucumber-html-0.2.3.jar:/Users/sergii.myslovskyi/.m2/repository/info/cukes/cucumber-jvm-deps/1.0.5/cucumber-jvm-deps-1.0.5.jar:/Users/sergii.myslovskyi/.m2/repository/info/cukes/cucumber-picocontainer/1.2.5/cucumber-picocontainer-1.2.5.jar:/Users/sergii.myslovskyi/.m2/repository/org/picocontainer/picocontainer/2.15/picocontainer-2.15.jar:/Users/sergii.myslovskyi/.m2/repository/org/slf4j/slf4j-log4j12/1.6.6/slf4j-log4j12-1.6.6.jar:/Users/sergii.myslovskyi/.m2/repository/log4j/log4j/1.2.17/log4j-1.2.17.jar:/Users/sergii.myslovskyi/.m2/repository/org/seleniumhq/selenium/selenium-java/3.141.59/selenium-java-3.141.59.jar:/Users/sergii.myslovskyi/.m2/repository/org/seleniumhq/selenium/selenium-edge-driver/3.141.59/selenium-edge-driver-3.141.59.jar:/Users/sergii.myslovskyi/.m2/repository/org/seleniumhq/selenium/selenium-firefox-driver/3.141.59/selenium-firefox-driver-3.141.59.jar:/Users/sergii.myslovskyi/.m2/repository/org/seleniumhq/selenium/selenium-ie-driver/3.141.59/selenium-ie-driver-3.141.59.jar:/Users/sergii.myslovskyi/.m2/repository/org/seleniumhq/selenium/selenium-opera-driver/3.141.59/selenium-opera-driver-3.141.59.jar:/Users/sergii.myslovskyi/.m2/repository/org/seleniumhq/selenium/selenium-remote-driver/3.141.59/selenium-remote-driver-3.141.59.jar:/Users/sergii.myslovskyi/.m2/repository/org/seleniumhq/selenium/selenium-safari-driver/3.141.59/selenium-safari-driver-3.141.59.jar:/Users/sergii.myslovskyi/.m2/repository/net/bytebuddy/byte-buddy/1.8.15/byte-buddy-1.8.15.jar:/Users/sergii.myslovskyi/.m2/repository/org/apache/commons/commons-exec/1.3/commons-exec-1.3.jar:/Users/sergii.myslovskyi/.m2/repository/com/google/guava/guava/25.0-jre/guava-25.0-jre.jar:/Users/sergii.myslovskyi/.m2/repository/com/google/code/findbugs/jsr305/1.3.9/jsr305-1.3.9.jar:/Users/sergii.myslovskyi/.m2/repository/org/checkerframework/checker-compat-qual/2.0.0/checker-compat-qual-2.0.0.jar:/Users/sergii.myslovskyi/.m2/repository/com/google/errorprone/error_prone_annotations/2.1.3/error_prone_annotations-2.1.3.jar:/Users/sergii.myslovskyi/.m2/repository/com/google/j2objc/j2objc-annotations/1.1/j2objc-annotations-1.1.jar:/Users/sergii.myslovskyi/.m2/repository/org/codehaus/mojo/animal-sniffer-annotations/1.14/animal-sniffer-annotations-1.14.jar:/Users/sergii.myslovskyi/.m2/repository/com/squareup/okhttp3/okhttp/3.11.0/okhttp-3.11.0.jar:/Users/sergii.myslovskyi/.m2/repository/com/squareup/okio/okio/1.14.0/okio-1.14.0.jar:/Users/sergii.myslovskyi/.m2/repository/org/seleniumhq/selenium/selenium-chrome-driver/3.141.59/selenium-chrome-driver-3.141.59.jar:/Users/sergii.myslovskyi/.m2/repository/io/github/bonigarcia/webdrivermanager/3.7.1/webdrivermanager-3.7.1.jar:/Users/sergii.myslovskyi/.m2/repository/org/rauschig/jarchivelib/1.0.0/jarchivelib-1.0.0.jar:/Users/sergii.myslovskyi/.m2/repository/org/apache/commons/commons-compress/1.18/commons-compress-1.18.jar:/Users/sergii.myslovskyi/.m2/repository/org/jsoup/jsoup/1.11.3/jsoup-1.11.3.jar:/Users/sergii.myslovskyi/.m2/repository/org/seleniumhq/selenium/selenium-api/3.141.59/selenium-api-3.141.59.jar:/Users/sergii.myslovskyi/.m2/repository/org/testng/testng/7.0.0/testng-7.0.0.jar:/Users/sergii.myslovskyi/.m2/repository/com/beust/jcommander/1.72/jcommander-1.72.jar:/Users/sergii.myslovskyi/.m2/repository/io/qameta/allure/allure-testng/2.13.5/allure-testng-2.13.5.jar:/Users/sergii.myslovskyi/.m2/repository/io/qameta/allure/allure-java-commons/2.13.5/allure-java-commons-2.13.5.jar:/Users/sergii.myslovskyi/.m2/repository/io/qameta/allure/allure-model/2.13.5/allure-model-2.13.5.jar:/Users/sergii.myslovskyi/.m2/repository/org/apache/tika/tika-core/1.20/tika-core-1.20.jar:/Users/sergii.myslovskyi/.m2/repository/org/jooq/joor-java-8/0.9.10/joor-java-8-0.9.10.jar:/Users/sergii.myslovskyi/.m2/repository/io/qameta/allure/allure-maven/2.10.0/allure-maven-2.10.0.jar:/Users/sergii.myslovskyi/.m2/repository/com/fasterxml/jackson/core/jackson-databind/2.9.7/jackson-databind-2.9.7.jar:/Users/sergii.myslovskyi/.m2/repository/com/fasterxml/jackson/core/jackson-annotations/2.9.0/jackson-annotations-2.9.0.jar:/Users/sergii.myslovskyi/.m2/repository/com/fasterxml/jackson/core/jackson-core/2.9.7/jackson-core-2.9.7.jar:/Users/sergii.myslovskyi/.m2/repository/org/apache/maven/maven-core/3.3.9/maven-core-3.3.9.jar:/Users/sergii.myslovskyi/.m2/repository/org/apache/maven/maven-model/3.3.9/maven-model-3.3.9.jar:/Users/sergii.myslovskyi/.m2/repository/org/apache/maven/maven-settings/3.3.9/maven-settings-3.3.9.jar:/Users/sergii.myslovskyi/.m2/repository/org/apache/maven/maven-settings-builder/3.3.9/maven-settings-builder-3.3.9.jar:/Users/sergii.myslovskyi/.m2/repository/org/apache/maven/maven-builder-support/3.3.9/maven-builder-support-3.3.9.jar:/Users/sergii.myslovskyi/.m2/repository/org/apache/maven/maven-repository-metadata/3.3.9/maven-repository-metadata-3.3.9.jar:/Users/sergii.myslovskyi/.m2/repository/org/apache/maven/maven-artifact/3.3.9/maven-artifact-3.3.9.jar:/Users/sergii.myslovskyi/.m2/repository/org/apache/maven/maven-plugin-api/3.3.9/maven-plugin-api-3.3.9.jar:/Users/sergii.myslovskyi/.m2/repository/org/apache/maven/maven-model-builder/3.3.9/maven-model-builder-3.3.9.jar:/Users/sergii.myslovskyi/.m2/repository/org/apache/maven/maven-aether-provider/3.3.9/maven-aether-provider-3.3.9.jar:/Users/sergii.myslovskyi/.m2/repository/org/eclipse/aether/aether-spi/1.0.2.v20150114/aether-spi-1.0.2.v20150114.jar:/Users/sergii.myslovskyi/.m2/repository/org/eclipse/aether/aether-impl/1.0.2.v20150114/aether-impl-1.0.2.v20150114.jar:/Users/sergii.myslovskyi/.m2/repository/org/eclipse/aether/aether-api/1.0.2.v20150114/aether-api-1.0.2.v20150114.jar:/Users/sergii.myslovskyi/.m2/repository/org/eclipse/aether/aether-util/1.0.2.v20150114/aether-util-1.0.2.v20150114.jar:/Users/sergii.myslovskyi/.m2/repository/org/eclipse/sisu/org.eclipse.sisu.plexus/0.3.2/org.eclipse.sisu.plexus-0.3.2.jar:/Users/sergii.myslovskyi/.m2/repository/javax/enterprise/cdi-api/1.0/cdi-api-1.0.jar:/Users/sergii.myslovskyi/.m2/repository/javax/annotation/jsr250-api/1.0/jsr250-api-1.0.jar:/Users/sergii.myslovskyi/.m2/repository/org/eclipse/sisu/org.eclipse.sisu.inject/0.3.2/org.eclipse.sisu.inject-0.3.2.jar:/Users/sergii.myslovskyi/.m2/repository/com/google/inject/guice/4.0/guice-4.0-no_aop.jar:/Users/sergii.myslovskyi/.m2/repository/javax/inject/javax.inject/1/javax.inject-1.jar:/Users/sergii.myslovskyi/.m2/repository/aopalliance/aopalliance/1.0/aopalliance-1.0.jar:/Users/sergii.myslovskyi/.m2/repository/org/codehaus/plexus/plexus-interpolation/1.21/plexus-interpolation-1.21.jar:/Users/sergii.myslovskyi/.m2/repository/org/codehaus/plexus/plexus-utils/3.0.22/plexus-utils-3.0.22.jar:/Users/sergii.myslovskyi/.m2/repository/org/codehaus/plexus/plexus-classworlds/2.5.2/plexus-classworlds-2.5.2.jar:/Users/sergii.myslovskyi/.m2/repository/org/codehaus/plexus/plexus-component-annotations/1.6/plexus-component-annotations-1.6.jar:/Users/sergii.myslovskyi/.m2/repository/org/sonatype/plexus/plexus-sec-dispatcher/1.3/plexus-sec-dispatcher-1.3.jar:/Users/sergii.myslovskyi/.m2/repository/org/sonatype/plexus/plexus-cipher/1.4/plexus-cipher-1.4.jar:/Users/sergii.myslovskyi/.m2/repository/org/apache/maven/reporting/maven-reporting-impl/2.4/maven-reporting-impl-2.4.jar:/Users/sergii.myslovskyi/.m2/repository/org/apache/maven/reporting/maven-reporting-api/3.0/maven-reporting-api-3.0.jar:/Users/sergii.myslovskyi/.m2/repository/org/apache/maven/maven-project/2.2.1/maven-project-2.2.1.jar:/Users/sergii.myslovskyi/.m2/repository/org/apache/maven/maven-profile/2.2.1/maven-profile-2.2.1.jar:/Users/sergii.myslovskyi/.m2/repository/org/apache/maven/maven-artifact-manager/2.2.1/maven-artifact-manager-2.2.1.jar:/Users/sergii.myslovskyi/.m2/repository/backport-util-concurrent/backport-util-concurrent/3.1/backport-util-concurrent-3.1.jar:/Users/sergii.myslovskyi/.m2/repository/org/apache/maven/maven-plugin-registry/2.2.1/maven-plugin-registry-2.2.1.jar:/Users/sergii.myslovskyi/.m2/repository/org/codehaus/plexus/plexus-container-default/1.0-alpha-9-stable-1/plexus-container-default-1.0-alpha-9-stable-1.jar:/Users/sergii.myslovskyi/.m2/repository/classworlds/classworlds/1.1-alpha-2/classworlds-1.1-alpha-2.jar:/Users/sergii.myslovskyi/.m2/repository/org/apache/maven/shared/maven-shared-utils/0.6/maven-shared-utils-0.6.jar:/Users/sergii.myslovskyi/.m2/repository/org/apache/maven/doxia/doxia-sink-api/1.6/doxia-sink-api-1.6.jar:/Users/sergii.myslovskyi/.m2/repository/org/apache/maven/doxia/doxia-logging-api/1.6/doxia-logging-api-1.6.jar:/Users/sergii.myslovskyi/.m2/repository/org/apache/maven/doxia/doxia-core/1.6/doxia-core-1.6.jar:/Users/sergii.myslovskyi/.m2/repository/xerces/xercesImpl/2.9.1/xercesImpl-2.9.1.jar:/Users/sergii.myslovskyi/.m2/repository/commons-lang/commons-lang/2.4/commons-lang-2.4.jar:/Users/sergii.myslovskyi/.m2/repository/xmlunit/xmlunit/1.5/xmlunit-1.5.jar:/Users/sergii.myslovskyi/.m2/repository/org/apache/maven/doxia/doxia-site-renderer/1.6/doxia-site-renderer-1.6.jar:/Users/sergii.myslovskyi/.m2/repository/org/apache/maven/doxia/doxia-decoration-model/1.6/doxia-decoration-model-1.6.jar:/Users/sergii.myslovskyi/.m2/repository/org/apache/maven/doxia/doxia-module-xhtml/1.6/doxia-module-xhtml-1.6.jar:/Users/sergii.myslovskyi/.m2/repository/org/apache/maven/doxia/doxia-module-fml/1.6/doxia-module-fml-1.6.jar:/Users/sergii.myslovskyi/.m2/repository/org/codehaus/plexus/plexus-i18n/1.0-beta-7/plexus-i18n-1.0-beta-7.jar:/Users/sergii.myslovskyi/.m2/repository/org/codehaus/plexus/plexus-velocity/1.1.7/plexus-velocity-1.1.7.jar:/Users/sergii.myslovskyi/.m2/repository/org/apache/velocity/velocity-tools/2.0/velocity-tools-2.0.jar:/Users/sergii.myslovskyi/.m2/repository/commons-chain/commons-chain/1.1/commons-chain-1.1.jar:/Users/sergii.myslovskyi/.m2/repository/dom4j/dom4j/1.1/dom4j-1.1.jar:/Users/sergii.myslovskyi/.m2/repository/sslext/sslext/1.2-0/sslext-1.2-0.jar:/Users/sergii.myslovskyi/.m2/repository/org/apache/struts/struts-core/1.3.8/struts-core-1.3.8.jar:/Users/sergii.myslovskyi/.m2/repository/org/apache/struts/struts-taglib/1.3.8/struts-taglib-1.3.8.jar:/Users/sergii.myslovskyi/.m2/repository/org/apache/struts/struts-tiles/1.3.8/struts-tiles-1.3.8.jar:/Users/sergii.myslovskyi/.m2/repository/commons-beanutils/commons-beanutils/1.9.3/commons-beanutils-1.9.3.jar:/Users/sergii.myslovskyi/.m2/repository/net/lingala/zip4j/zip4j/1.3.2/zip4j-1.3.2.jar:/Users/sergii.myslovskyi/.m2/repository/org/apache/maven/plugin-tools/maven-plugin-annotations/3.2/maven-plugin-annotations-3.2.jar:/Users/sergii.myslovskyi/.m2/repository/org/apache/maven/plugins/maven-jxr-plugin/2.5/maven-jxr-plugin-2.5.jar:/Users/sergii.myslovskyi/.m2/repository/org/apache/velocity/velocity/1.5/velocity-1.5.jar:/Users/sergii.myslovskyi/.m2/repository/oro/oro/2.0.8/oro-2.0.8.jar:/Users/sergii.myslovskyi/.m2/repository/org/apache/maven/maven-jxr/2.5/maven-jxr-2.5.jar:/Users/sergii.myslovskyi/.m2/repository/org/apache/maven/wagon/wagon-provider-api/1.0/wagon-provider-api-1.0.jar:/Users/sergii.myslovskyi/.m2/repository/xml-apis/xml-apis/1.0.b2/xml-apis-1.0.b2.jar:/Users/sergii.myslovskyi/.m2/repository/xalan/xalan/2.7.0/xalan-2.7.0.jar:"/>
    <property name="allure.results.directory" value="/Users/sergii.myslovskyi/Documents/Projects/tui/tui/target/allure-results"/>
    <property name="sun.cpu.endian" value="little"/>
    <property name="user.home" value="/Users/sergii.myslovskyi"/>
    <property name="user.language" value="en"/>
    <property name="java.specification.vendor" value="Oracle Corporation"/>
    <property name="java.version.date" value="2023-01-17"/>
    <property name="java.home" value="/Users/sergii.myslovskyi/.sdkman/candidates/java/19.0.2-zulu/zulu-19.jdk/Contents/Home"/>
    <property name="file.separator" value="/"/>
    <property name="basedir" value="/Users/sergii.myslovskyi/Documents/Projects/tui/tui"/>
    <property name="java.vm.compressedOopsMode" value="Zero based"/>
    <property name="line.separator" value="&#10;"/>
    <property name="java.vm.specification.vendor" value="Oracle Corporation"/>
    <property name="java.specification.name" value="Java Platform API Specification"/>
    <property name="apple.awt.application.name" value="ForkedBooter"/>
    <property name="sun.management.compiler" value="HotSpot 64-Bit Tiered Compilers"/>
    <property name="ftp.nonProxyHosts" value="local|*.local|169.254/16|*.169.254/16"/>
    <property name="java.runtime.version" value="19.0.2+7"/>
    <property name="user.name" value="sergii.myslovskyi"/>
    <property name="stdout.encoding" value="UTF-8"/>
    <property name="path.separator" value=":"/>
    <property name="os.version" value="12.6.5"/>
    <property name="java.runtime.name" value="OpenJDK Runtime Environment"/>
    <property name="file.encoding" value="UTF-8"/>
    <property name="java.vm.name" value="OpenJDK 64-Bit Server VM"/>
    <property name="java.vendor.version" value="Zulu19.32+13-CA"/>
    <property name="localRepository" value="/Users/sergii.myslovskyi/.m2/repository"/>
    <property name="java.vendor.url.bug" value="http://www.azul.com/support/"/>
    <property name="java.io.tmpdir" value="/var/folders/c3/5kqmq7gd10g7rggfhjh7408nhcp_yk/T/"/>
    <property name="java.version" value="19.0.2"/>
    <property name="user.dir" value="/Users/sergii.myslovskyi/Documents/Projects/tui/tui"/>
    <property name="os.arch" value="x86_64"/>
    <property name="java.vm.specification.name" value="Java Virtual Machine Specification"/>
    <property name="native.encoding" value="UTF-8"/>
    <property name="java.library.path" value="/Users/sergii.myslovskyi/Library/Java/Extensions:/Library/Java/Extensions:/Network/Library/Java/Extensions:/System/Library/Java/Extensions:/usr/lib/java:."/>
    <property name="allure.max.title.length" value="1000"/>
    <property name="java.vm.info" value="mixed mode, sharing"/>
    <property name="stderr.encoding" value="UTF-8"/>
    <property name="java.vendor" value="Azul Systems, Inc."/>
    <property name="java.vm.version" value="19.0.2+7"/>
    <property name="sun.io.unicode.encoding" value="UnicodeBig"/>
    <property name="socksNonProxyHosts" value="local|*.local|169.254/16|*.169.254/16"/>
    <property name="java.class.version" value="63.0"/>
  </properties>
  <testcase name="checkCategoriesTest" classname="uitests.checkMainCategoriesTest" time="0.338">
    <failure message="java.lang.NoSuchMethodException: jdk.proxy2.$Proxy9.proxyClassLookup()" type="java.lang.RuntimeException">java.lang.RuntimeException: java.lang.NoSuchMethodException: jdk.proxy2.$Proxy9.proxyClassLookup()
	at uitests.checkMainCategoriesTest.checkCategoriesTest(checkMainCategoriesTest.java:11)
Caused by: java.lang.NoSuchMethodException: jdk.proxy2.$Proxy9.proxyClassLookup()
	at uitests.checkMainCategoriesTest.checkCategoriesTest(checkMainCategoriesTest.java:11)
</failure>
    <system-out><![CDATA[
]]></system-out>
    <system-err><![CDATA[Jul 13, 2023 3:55:51 PM io.appium.java_client.remote.AppiumCommandExecutor$1 lambda$0
INFO: Detected dialect: W3C
]]></system-err>
  </testcase>
</testsuite>