<?xml version="1.0" encoding="UTF-8"?>
<testsuite xmlns:xsi="http://www.w3.org/2001/XMLSchema-instance" xsi:noNamespaceSchemaLocation="https://maven.apache.org/surefire/maven-surefire-plugin/xsd/surefire-test-report.xsd" name="AbstractApp.BaseTest" time="1.971" tests="0" errors="0" skipped="0" failures="0">
  <properties>
    <property name="gopherProxySet" value="false"/>
    <property name="awt.toolkit" value="sun.lwawt.macosx.LWCToolkit"/>
    <property name="file.encoding.pkg" value="sun.io"/>
    <property name="java.specification.version" value="1.8"/>
    <property name="sun.cpu.isalist" value=""/>
    <property name="sun.jnu.encoding" value="UTF-8"/>
    <property name="org.uncommons.reportng.escape-output" value="false"/>
    <property name="java.class.path" value="/Users/sergii.myslovskyi/.m2/repository/org/apache/maven/surefire/surefire-booter/2.22.2/surefire-booter-2.22.2.jar:/Users/sergii.myslovskyi/.m2/repository/org/apache/maven/surefire/surefire-api/2.22.2/surefire-api-2.22.2.jar:/Users/sergii.myslovskyi/.m2/repository/org/apache/maven/surefire/surefire-logger-api/2.22.2/surefire-logger-api-2.22.2.jar:/Users/sergii.myslovskyi/Documents/OCE/SelenidePrj/target/test-classes:/Users/sergii.myslovskyi/Documents/OCE/SelenidePrj/target/classes:/Users/sergii.myslovskyi/.m2/repository/org/slf4j/slf4j-log4j12/1.6.6/slf4j-log4j12-1.6.6.jar:/Users/sergii.myslovskyi/.m2/repository/org/slf4j/slf4j-api/1.6.6/slf4j-api-1.6.6.jar:/Users/sergii.myslovskyi/.m2/repository/log4j/log4j/1.2.17/log4j-1.2.17.jar:/Users/sergii.myslovskyi/.m2/repository/org/seleniumhq/selenium/selenium-java/4.8.1/selenium-java-4.8.1.jar:/Users/sergii.myslovskyi/.m2/repository/org/seleniumhq/selenium/selenium-devtools-v108/4.8.1/selenium-devtools-v108-4.8.1.jar:/Users/sergii.myslovskyi/.m2/repository/org/seleniumhq/selenium/selenium-devtools-v109/4.8.1/selenium-devtools-v109-4.8.1.jar:/Users/sergii.myslovskyi/.m2/repository/org/seleniumhq/selenium/selenium-devtools-v110/4.8.1/selenium-devtools-v110-4.8.1.jar:/Users/sergii.myslovskyi/.m2/repository/org/seleniumhq/selenium/selenium-devtools-v85/4.8.1/selenium-devtools-v85-4.8.1.jar:/Users/sergii.myslovskyi/.m2/repository/org/seleniumhq/selenium/selenium-edge-driver/4.8.1/selenium-edge-driver-4.8.1.jar:/Users/sergii.myslovskyi/.m2/repository/org/seleniumhq/selenium/selenium-firefox-driver/4.8.1/selenium-firefox-driver-4.8.1.jar:/Users/sergii.myslovskyi/.m2/repository/org/seleniumhq/selenium/selenium-http/4.8.1/selenium-http-4.8.1.jar:/Users/sergii.myslovskyi/.m2/repository/dev/failsafe/failsafe/3.3.0/failsafe-3.3.0.jar:/Users/sergii.myslovskyi/.m2/repository/org/seleniumhq/selenium/selenium-ie-driver/4.8.1/selenium-ie-driver-4.8.1.jar:/Users/sergii.myslovskyi/.m2/repository/org/seleniumhq/selenium/selenium-remote-driver/4.8.1/selenium-remote-driver-4.8.1.jar:/Users/sergii.myslovskyi/.m2/repository/io/netty/netty-buffer/4.1.87.Final/netty-buffer-4.1.87.Final.jar:/Users/sergii.myslovskyi/.m2/repository/io/netty/netty-codec-http/4.1.87.Final/netty-codec-http-4.1.87.Final.jar:/Users/sergii.myslovskyi/.m2/repository/io/netty/netty-codec/4.1.87.Final/netty-codec-4.1.87.Final.jar:/Users/sergii.myslovskyi/.m2/repository/io/netty/netty-handler/4.1.87.Final/netty-handler-4.1.87.Final.jar:/Users/sergii.myslovskyi/.m2/repository/io/netty/netty-common/4.1.87.Final/netty-common-4.1.87.Final.jar:/Users/sergii.myslovskyi/.m2/repository/io/netty/netty-transport-classes-epoll/4.1.87.Final/netty-transport-classes-epoll-4.1.87.Final.jar:/Users/sergii.myslovskyi/.m2/repository/io/netty/netty-transport-classes-kqueue/4.1.87.Final/netty-transport-classes-kqueue-4.1.87.Final.jar:/Users/sergii.myslovskyi/.m2/repository/io/netty/netty-transport-native-epoll/4.1.87.Final/netty-transport-native-epoll-4.1.87.Final.jar:/Users/sergii.myslovskyi/.m2/repository/io/netty/netty-transport-native-kqueue/4.1.87.Final/netty-transport-native-kqueue-4.1.87.Final.jar:/Users/sergii.myslovskyi/.m2/repository/io/netty/netty-transport-native-unix-common/4.1.87.Final/netty-transport-native-unix-common-4.1.87.Final.jar:/Users/sergii.myslovskyi/.m2/repository/io/netty/netty-transport/4.1.87.Final/netty-transport-4.1.87.Final.jar:/Users/sergii.myslovskyi/.m2/repository/io/netty/netty-resolver/4.1.87.Final/netty-resolver-4.1.87.Final.jar:/Users/sergii.myslovskyi/.m2/repository/io/opentelemetry/opentelemetry-api/1.22.0/opentelemetry-api-1.22.0.jar:/Users/sergii.myslovskyi/.m2/repository/io/opentelemetry/opentelemetry-context/1.22.0/opentelemetry-context-1.22.0.jar:/Users/sergii.myslovskyi/.m2/repository/io/opentelemetry/opentelemetry-exporter-logging/1.22.0/opentelemetry-exporter-logging-1.22.0.jar:/Users/sergii.myslovskyi/.m2/repository/io/opentelemetry/opentelemetry-sdk-metrics/1.22.0/opentelemetry-sdk-metrics-1.22.0.jar:/Users/sergii.myslovskyi/.m2/repository/io/opentelemetry/opentelemetry-sdk-logs/1.22.0-alpha/opentelemetry-sdk-logs-1.22.0-alpha.jar:/Users/sergii.myslovskyi/.m2/repository/io/opentelemetry/opentelemetry-api-logs/1.22.0-alpha/opentelemetry-api-logs-1.22.0-alpha.jar:/Users/sergii.myslovskyi/.m2/repository/io/opentelemetry/opentelemetry-sdk-common/1.22.0/opentelemetry-sdk-common-1.22.0.jar:/Users/sergii.myslovskyi/.m2/repository/io/opentelemetry/opentelemetry-sdk-extension-autoconfigure-spi/1.22.0/opentelemetry-sdk-extension-autoconfigure-spi-1.22.0.jar:/Users/sergii.myslovskyi/.m2/repository/io/opentelemetry/opentelemetry-sdk-extension-autoconfigure/1.22.0-alpha/opentelemetry-sdk-extension-autoconfigure-1.22.0-alpha.jar:/Users/sergii.myslovskyi/.m2/repository/io/opentelemetry/opentelemetry-sdk-trace/1.22.0/opentelemetry-sdk-trace-1.22.0.jar:/Users/sergii.myslovskyi/.m2/repository/io/opentelemetry/opentelemetry-sdk/1.22.0/opentelemetry-sdk-1.22.0.jar:/Users/sergii.myslovskyi/.m2/repository/io/opentelemetry/opentelemetry-semconv/1.22.0-alpha/opentelemetry-semconv-1.22.0-alpha.jar:/Users/sergii.myslovskyi/.m2/repository/io/ous/jtoml/2.0.0/jtoml-2.0.0.jar:/Users/sergii.myslovskyi/.m2/repository/net/bytebuddy/byte-buddy/1.12.22/byte-buddy-1.12.22.jar:/Users/sergii.myslovskyi/.m2/repository/org/asynchttpclient/async-http-client/2.12.3/async-http-client-2.12.3.jar:/Users/sergii.myslovskyi/.m2/repository/org/asynchttpclient/async-http-client-netty-utils/2.12.3/async-http-client-netty-utils-2.12.3.jar:/Users/sergii.myslovskyi/.m2/repository/io/netty/netty-codec-socks/4.1.60.Final/netty-codec-socks-4.1.60.Final.jar:/Users/sergii.myslovskyi/.m2/repository/io/netty/netty-handler-proxy/4.1.60.Final/netty-handler-proxy-4.1.60.Final.jar:/Users/sergii.myslovskyi/.m2/repository/io/netty/netty-transport-native-epoll/4.1.60.Final/netty-transport-native-epoll-4.1.60.Final-linux-x86_64.jar:/Users/sergii.myslovskyi/.m2/repository/io/netty/netty-transport-native-kqueue/4.1.60.Final/netty-transport-native-kqueue-4.1.60.Final-osx-x86_64.jar:/Users/sergii.myslovskyi/.m2/repository/org/reactivestreams/reactive-streams/1.0.3/reactive-streams-1.0.3.jar:/Users/sergii.myslovskyi/.m2/repository/com/typesafe/netty/netty-reactive-streams/2.0.4/netty-reactive-streams-2.0.4.jar:/Users/sergii.myslovskyi/.m2/repository/com/sun/activation/jakarta.activation/1.2.2/jakarta.activation-1.2.2.jar:/Users/sergii.myslovskyi/.m2/repository/org/seleniumhq/selenium/selenium-manager/4.8.1/selenium-manager-4.8.1.jar:/Users/sergii.myslovskyi/.m2/repository/org/seleniumhq/selenium/selenium-safari-driver/4.8.1/selenium-safari-driver-4.8.1.jar:/Users/sergii.myslovskyi/.m2/repository/org/seleniumhq/selenium/selenium-support/4.8.1/selenium-support-4.8.1.jar:/Users/sergii.myslovskyi/.m2/repository/org/seleniumhq/selenium/selenium-chrome-driver/4.8.1/selenium-chrome-driver-4.8.1.jar:/Users/sergii.myslovskyi/.m2/repository/com/google/auto/service/auto-service-annotations/1.0.1/auto-service-annotations-1.0.1.jar:/Users/sergii.myslovskyi/.m2/repository/com/google/auto/service/auto-service/1.0.1/auto-service-1.0.1.jar:/Users/sergii.myslovskyi/.m2/repository/com/google/auto/auto-common/1.2/auto-common-1.2.jar:/Users/sergii.myslovskyi/.m2/repository/com/google/guava/guava/31.1-jre/guava-31.1-jre.jar:/Users/sergii.myslovskyi/.m2/repository/com/google/guava/failureaccess/1.0.1/failureaccess-1.0.1.jar:/Users/sergii.myslovskyi/.m2/repository/com/google/guava/listenablefuture/9999.0-empty-to-avoid-conflict-with-guava/listenablefuture-9999.0-empty-to-avoid-conflict-with-guava.jar:/Users/sergii.myslovskyi/.m2/repository/com/google/code/findbugs/jsr305/3.0.2/jsr305-3.0.2.jar:/Users/sergii.myslovskyi/.m2/repository/org/checkerframework/checker-qual/3.12.0/checker-qual-3.12.0.jar:/Users/sergii.myslovskyi/.m2/repository/com/google/errorprone/error_prone_annotations/2.11.0/error_prone_annotations-2.11.0.jar:/Users/sergii.myslovskyi/.m2/repository/com/google/j2objc/j2objc-annotations/1.3/j2objc-annotations-1.3.jar:/Users/sergii.myslovskyi/.m2/repository/org/seleniumhq/selenium/selenium-chromium-driver/4.8.1/selenium-chromium-driver-4.8.1.jar:/Users/sergii.myslovskyi/.m2/repository/org/seleniumhq/selenium/selenium-json/4.8.1/selenium-json-4.8.1.jar:/Users/sergii.myslovskyi/.m2/repository/com/codeborne/selenide/6.12.0/selenide-6.12.0.jar:/Users/sergii.myslovskyi/.m2/repository/com/codeborne/selenide-core/6.12.0/selenide-core-6.12.0.jar:/Users/sergii.myslovskyi/.m2/repository/org/opentest4j/opentest4j/1.2.0/opentest4j-1.2.0.jar:/Users/sergii.myslovskyi/.m2/repository/org/apache/commons/commons-compress/1.22/commons-compress-1.22.jar:/Users/sergii.myslovskyi/.m2/repository/org/apache/httpcomponents/client5/httpclient5/5.2.1/httpclient5-5.2.1.jar:/Users/sergii.myslovskyi/.m2/repository/org/apache/httpcomponents/core5/httpcore5/5.2/httpcore5-5.2.jar:/Users/sergii.myslovskyi/.m2/repository/org/apache/httpcomponents/core5/httpcore5-h2/5.2/httpcore5-h2-5.2.jar:/Users/sergii.myslovskyi/.m2/repository/org/apache/commons/commons-lang3/3.12.0/commons-lang3-3.12.0.jar:/Users/sergii.myslovskyi/.m2/repository/commons-io/commons-io/2.11.0/commons-io-2.11.0.jar:/Users/sergii.myslovskyi/.m2/repository/io/github/bonigarcia/webdrivermanager/3.7.1/webdrivermanager-3.7.1.jar:/Users/sergii.myslovskyi/.m2/repository/com/google/code/gson/gson/2.8.5/gson-2.8.5.jar:/Users/sergii.myslovskyi/.m2/repository/org/apache/httpcomponents/httpclient/4.5.6/httpclient-4.5.6.jar:/Users/sergii.myslovskyi/.m2/repository/org/apache/httpcomponents/httpcore/4.4.10/httpcore-4.4.10.jar:/Users/sergii.myslovskyi/.m2/repository/commons-logging/commons-logging/1.2/commons-logging-1.2.jar:/Users/sergii.myslovskyi/.m2/repository/commons-codec/commons-codec/1.10/commons-codec-1.10.jar:/Users/sergii.myslovskyi/.m2/repository/org/rauschig/jarchivelib/1.0.0/jarchivelib-1.0.0.jar:/Users/sergii.myslovskyi/.m2/repository/org/jsoup/jsoup/1.11.3/jsoup-1.11.3.jar:/Users/sergii.myslovskyi/.m2/repository/org/seleniumhq/selenium/selenium-api/4.8.1/selenium-api-4.8.1.jar:/Users/sergii.myslovskyi/.m2/repository/org/testng/testng/7.0.0/testng-7.0.0.jar:/Users/sergii.myslovskyi/.m2/repository/com/beust/jcommander/1.72/jcommander-1.72.jar:/Users/sergii.myslovskyi/.m2/repository/io/qameta/allure/allure-testng/2.13.5/allure-testng-2.13.5.jar:/Users/sergii.myslovskyi/.m2/repository/io/qameta/allure/allure-java-commons/2.13.5/allure-java-commons-2.13.5.jar:/Users/sergii.myslovskyi/.m2/repository/io/qameta/allure/allure-model/2.13.5/allure-model-2.13.5.jar:/Users/sergii.myslovskyi/.m2/repository/org/apache/tika/tika-core/1.20/tika-core-1.20.jar:/Users/sergii.myslovskyi/.m2/repository/org/jooq/joor-java-8/0.9.10/joor-java-8-0.9.10.jar:/Users/sergii.myslovskyi/.m2/repository/io/qameta/allure/allure-maven/2.10.0/allure-maven-2.10.0.jar:/Users/sergii.myslovskyi/.m2/repository/com/fasterxml/jackson/core/jackson-databind/2.9.7/jackson-databind-2.9.7.jar:/Users/sergii.myslovskyi/.m2/repository/com/fasterxml/jackson/core/jackson-annotations/2.9.0/jackson-annotations-2.9.0.jar:/Users/sergii.myslovskyi/.m2/repository/com/fasterxml/jackson/core/jackson-core/2.9.7/jackson-core-2.9.7.jar:/Users/sergii.myslovskyi/.m2/repository/org/apache/maven/maven-core/3.3.9/maven-core-3.3.9.jar:/Users/sergii.myslovskyi/.m2/repository/org/apache/maven/maven-model/3.3.9/maven-model-3.3.9.jar:/Users/sergii.myslovskyi/.m2/repository/org/apache/maven/maven-settings/3.3.9/maven-settings-3.3.9.jar:/Users/sergii.myslovskyi/.m2/repository/org/apache/maven/maven-settings-builder/3.3.9/maven-settings-builder-3.3.9.jar:/Users/sergii.myslovskyi/.m2/repository/org/apache/maven/maven-builder-support/3.3.9/maven-builder-support-3.3.9.jar:/Users/sergii.myslovskyi/.m2/repository/org/apache/maven/maven-repository-metadata/3.3.9/maven-repository-metadata-3.3.9.jar:/Users/sergii.myslovskyi/.m2/repository/org/apache/maven/maven-artifact/3.3.9/maven-artifact-3.3.9.jar:/Users/sergii.myslovskyi/.m2/repository/org/apache/maven/maven-plugin-api/3.3.9/maven-plugin-api-3.3.9.jar:/Users/sergii.myslovskyi/.m2/repository/org/apache/maven/maven-model-builder/3.3.9/maven-model-builder-3.3.9.jar:/Users/sergii.myslovskyi/.m2/repository/org/apache/maven/maven-aether-provider/3.3.9/maven-aether-provider-3.3.9.jar:/Users/sergii.myslovskyi/.m2/repository/org/eclipse/aether/aether-spi/1.0.2.v20150114/aether-spi-1.0.2.v20150114.jar:/Users/sergii.myslovskyi/.m2/repository/org/eclipse/aether/aether-impl/1.0.2.v20150114/aether-impl-1.0.2.v20150114.jar:/Users/sergii.myslovskyi/.m2/repository/org/eclipse/aether/aether-api/1.0.2.v20150114/aether-api-1.0.2.v20150114.jar:/Users/sergii.myslovskyi/.m2/repository/org/eclipse/aether/aether-util/1.0.2.v20150114/aether-util-1.0.2.v20150114.jar:/Users/sergii.myslovskyi/.m2/repository/org/eclipse/sisu/org.eclipse.sisu.plexus/0.3.2/org.eclipse.sisu.plexus-0.3.2.jar:/Users/sergii.myslovskyi/.m2/repository/javax/enterprise/cdi-api/1.0/cdi-api-1.0.jar:/Users/sergii.myslovskyi/.m2/repository/javax/annotation/jsr250-api/1.0/jsr250-api-1.0.jar:/Users/sergii.myslovskyi/.m2/repository/org/eclipse/sisu/org.eclipse.sisu.inject/0.3.2/org.eclipse.sisu.inject-0.3.2.jar:/Users/sergii.myslovskyi/.m2/repository/com/google/inject/guice/4.0/guice-4.0-no_aop.jar:/Users/sergii.myslovskyi/.m2/repository/javax/inject/javax.inject/1/javax.inject-1.jar:/Users/sergii.myslovskyi/.m2/repository/aopalliance/aopalliance/1.0/aopalliance-1.0.jar:/Users/sergii.myslovskyi/.m2/repository/org/codehaus/plexus/plexus-interpolation/1.21/plexus-interpolation-1.21.jar:/Users/sergii.myslovskyi/.m2/repository/org/codehaus/plexus/plexus-utils/3.0.22/plexus-utils-3.0.22.jar:/Users/sergii.myslovskyi/.m2/repository/org/codehaus/plexus/plexus-classworlds/2.5.2/plexus-classworlds-2.5.2.jar:/Users/sergii.myslovskyi/.m2/repository/org/codehaus/plexus/plexus-component-annotations/1.6/plexus-component-annotations-1.6.jar:/Users/sergii.myslovskyi/.m2/repository/org/sonatype/plexus/plexus-sec-dispatcher/1.3/plexus-sec-dispatcher-1.3.jar:/Users/sergii.myslovskyi/.m2/repository/org/sonatype/plexus/plexus-cipher/1.4/plexus-cipher-1.4.jar:/Users/sergii.myslovskyi/.m2/repository/org/apache/maven/reporting/maven-reporting-impl/2.4/maven-reporting-impl-2.4.jar:/Users/sergii.myslovskyi/.m2/repository/org/apache/maven/reporting/maven-reporting-api/3.0/maven-reporting-api-3.0.jar:/Users/sergii.myslovskyi/.m2/repository/org/apache/maven/maven-project/2.2.1/maven-project-2.2.1.jar:/Users/sergii.myslovskyi/.m2/repository/org/apache/maven/maven-profile/2.2.1/maven-profile-2.2.1.jar:/Users/sergii.myslovskyi/.m2/repository/org/apache/maven/maven-artifact-manager/2.2.1/maven-artifact-manager-2.2.1.jar:/Users/sergii.myslovskyi/.m2/repository/backport-util-concurrent/backport-util-concurrent/3.1/backport-util-concurrent-3.1.jar:/Users/sergii.myslovskyi/.m2/repository/org/apache/maven/maven-plugin-registry/2.2.1/maven-plugin-registry-2.2.1.jar:/Users/sergii.myslovskyi/.m2/repository/org/codehaus/plexus/plexus-container-default/1.0-alpha-9-stable-1/plexus-container-default-1.0-alpha-9-stable-1.jar:/Users/sergii.myslovskyi/.m2/repository/junit/junit/3.8.1/junit-3.8.1.jar:/Users/sergii.myslovskyi/.m2/repository/classworlds/classworlds/1.1-alpha-2/classworlds-1.1-alpha-2.jar:/Users/sergii.myslovskyi/.m2/repository/org/apache/maven/shared/maven-shared-utils/0.6/maven-shared-utils-0.6.jar:/Users/sergii.myslovskyi/.m2/repository/org/apache/maven/doxia/doxia-sink-api/1.6/doxia-sink-api-1.6.jar:/Users/sergii.myslovskyi/.m2/repository/org/apache/maven/doxia/doxia-logging-api/1.6/doxia-logging-api-1.6.jar:/Users/sergii.myslovskyi/.m2/repository/org/apache/maven/doxia/doxia-core/1.6/doxia-core-1.6.jar:/Users/sergii.myslovskyi/.m2/repository/xerces/xercesImpl/2.9.1/xercesImpl-2.9.1.jar:/Users/sergii.myslovskyi/.m2/repository/commons-lang/commons-lang/2.4/commons-lang-2.4.jar:/Users/sergii.myslovskyi/.m2/repository/xmlunit/xmlunit/1.5/xmlunit-1.5.jar:/Users/sergii.myslovskyi/.m2/repository/org/apache/maven/doxia/doxia-site-renderer/1.6/doxia-site-renderer-1.6.jar:/Users/sergii.myslovskyi/.m2/repository/org/apache/maven/doxia/doxia-decoration-model/1.6/doxia-decoration-model-1.6.jar:/Users/sergii.myslovskyi/.m2/repository/org/apache/maven/doxia/doxia-module-xhtml/1.6/doxia-module-xhtml-1.6.jar:/Users/sergii.myslovskyi/.m2/repository/org/apache/maven/doxia/doxia-module-fml/1.6/doxia-module-fml-1.6.jar:/Users/sergii.myslovskyi/.m2/repository/org/codehaus/plexus/plexus-i18n/1.0-beta-7/plexus-i18n-1.0-beta-7.jar:/Users/sergii.myslovskyi/.m2/repository/org/codehaus/plexus/plexus-velocity/1.1.7/plexus-velocity-1.1.7.jar:/Users/sergii.myslovskyi/.m2/repository/org/apache/velocity/velocity-tools/2.0/velocity-tools-2.0.jar:/Users/sergii.myslovskyi/.m2/repository/commons-chain/commons-chain/1.1/commons-chain-1.1.jar:/Users/sergii.myslovskyi/.m2/repository/dom4j/dom4j/1.1/dom4j-1.1.jar:/Users/sergii.myslovskyi/.m2/repository/sslext/sslext/1.2-0/sslext-1.2-0.jar:/Users/sergii.myslovskyi/.m2/repository/org/apache/struts/struts-core/1.3.8/struts-core-1.3.8.jar:/Users/sergii.myslovskyi/.m2/repository/org/apache/struts/struts-taglib/1.3.8/struts-taglib-1.3.8.jar:/Users/sergii.myslovskyi/.m2/repository/org/apache/struts/struts-tiles/1.3.8/struts-tiles-1.3.8.jar:/Users/sergii.myslovskyi/.m2/repository/commons-validator/commons-validator/1.4.1/commons-validator-1.4.1.jar:/Users/sergii.myslovskyi/.m2/repository/commons-digester/commons-digester/1.8.1/commons-digester-1.8.1.jar:/Users/sergii.myslovskyi/.m2/repository/commons-beanutils/commons-beanutils/1.9.3/commons-beanutils-1.9.3.jar:/Users/sergii.myslovskyi/.m2/repository/commons-collections/commons-collections/3.2.2/commons-collections-3.2.2.jar:/Users/sergii.myslovskyi/.m2/repository/net/lingala/zip4j/zip4j/1.3.2/zip4j-1.3.2.jar:/Users/sergii.myslovskyi/.m2/repository/org/apache/commons/commons-exec/1.3/commons-exec-1.3.jar:/Users/sergii.myslovskyi/.m2/repository/org/apache/maven/plugin-tools/maven-plugin-annotations/3.2/maven-plugin-annotations-3.2.jar:/Users/sergii.myslovskyi/.m2/repository/org/apache/maven/plugins/maven-jxr-plugin/2.5/maven-jxr-plugin-2.5.jar:/Users/sergii.myslovskyi/.m2/repository/org/apache/velocity/velocity/1.5/velocity-1.5.jar:/Users/sergii.myslovskyi/.m2/repository/oro/oro/2.0.8/oro-2.0.8.jar:/Users/sergii.myslovskyi/.m2/repository/org/apache/maven/maven-jxr/2.5/maven-jxr-2.5.jar:/Users/sergii.myslovskyi/.m2/repository/org/apache/maven/wagon/wagon-provider-api/1.0/wagon-provider-api-1.0.jar:/Users/sergii.myslovskyi/.m2/repository/xml-apis/xml-apis/1.0.b2/xml-apis-1.0.b2.jar:/Users/sergii.myslovskyi/.m2/repository/xalan/xalan/2.7.0/xalan-2.7.0.jar:/Users/sergii.myslovskyi/.m2/repository/org/apache/maven/surefire/surefire-testng/2.22.2/surefire-testng-2.22.2.jar:/Users/sergii.myslovskyi/.m2/repository/org/apache/maven/surefire/common-java5/2.22.2/common-java5-2.22.2.jar:/Users/sergii.myslovskyi/.m2/repository/org/apache/maven/surefire/surefire-testng-utils/2.22.2/surefire-testng-utils-2.22.2.jar:/Users/sergii.myslovskyi/.m2/repository/org/apache/maven/surefire/surefire-grouper/2.22.2/surefire-grouper-2.22.2.jar:/Users/sergii.myslovskyi/.m2/repository/org/aspectj/aspectjweaver/1.9.6/aspectjweaver-1.9.6.jar"/>
    <property name="java.vm.vendor" value="Azul Systems, Inc."/>
    <property name="sun.arch.data.model" value="64"/>
    <property name="java.vendor.url" value="http://www.azulsystems.com/"/>
    <property name="user.timezone" value=""/>
    <property name="user.country.format" value="UA"/>
    <property name="enable.jdbc" value="false"/>
    <property name="java.vm.specification.version" value="1.8"/>
    <property name="os.name" value="Mac OS X"/>
    <property name="user.country" value="GB"/>
    <property name="sun.java.launcher" value="SUN_STANDARD"/>
    <property name="sun.boot.library.path" value="/Users/sergii.myslovskyi/.sdkman/candidates/java/8.0.202-zulu/jre/lib"/>
    <property name="sun.java.command" value="org.apache.maven.surefire.booter.ForkedBooter /Users/sergii.myslovskyi/Documents/OCE/SelenidePrj/target/surefire 2023-03-09T13-38-35_918-jvmRun2 surefire4926241456540859193tmp surefire_08364274176565847859tmp"/>
    <property name="surefire.test.class.path" value="/Users/sergii.myslovskyi/Documents/OCE/SelenidePrj/target/test-classes:/Users/sergii.myslovskyi/Documents/OCE/SelenidePrj/target/classes:/Users/sergii.myslovskyi/.m2/repository/org/slf4j/slf4j-log4j12/1.6.6/slf4j-log4j12-1.6.6.jar:/Users/sergii.myslovskyi/.m2/repository/org/slf4j/slf4j-api/1.6.6/slf4j-api-1.6.6.jar:/Users/sergii.myslovskyi/.m2/repository/log4j/log4j/1.2.17/log4j-1.2.17.jar:/Users/sergii.myslovskyi/.m2/repository/org/seleniumhq/selenium/selenium-java/4.8.1/selenium-java-4.8.1.jar:/Users/sergii.myslovskyi/.m2/repository/org/seleniumhq/selenium/selenium-devtools-v108/4.8.1/selenium-devtools-v108-4.8.1.jar:/Users/sergii.myslovskyi/.m2/repository/org/seleniumhq/selenium/selenium-devtools-v109/4.8.1/selenium-devtools-v109-4.8.1.jar:/Users/sergii.myslovskyi/.m2/repository/org/seleniumhq/selenium/selenium-devtools-v110/4.8.1/selenium-devtools-v110-4.8.1.jar:/Users/sergii.myslovskyi/.m2/repository/org/seleniumhq/selenium/selenium-devtools-v85/4.8.1/selenium-devtools-v85-4.8.1.jar:/Users/sergii.myslovskyi/.m2/repository/org/seleniumhq/selenium/selenium-edge-driver/4.8.1/selenium-edge-driver-4.8.1.jar:/Users/sergii.myslovskyi/.m2/repository/org/seleniumhq/selenium/selenium-firefox-driver/4.8.1/selenium-firefox-driver-4.8.1.jar:/Users/sergii.myslovskyi/.m2/repository/org/seleniumhq/selenium/selenium-http/4.8.1/selenium-http-4.8.1.jar:/Users/sergii.myslovskyi/.m2/repository/dev/failsafe/failsafe/3.3.0/failsafe-3.3.0.jar:/Users/sergii.myslovskyi/.m2/repository/org/seleniumhq/selenium/selenium-ie-driver/4.8.1/selenium-ie-driver-4.8.1.jar:/Users/sergii.myslovskyi/.m2/repository/org/seleniumhq/selenium/selenium-remote-driver/4.8.1/selenium-remote-driver-4.8.1.jar:/Users/sergii.myslovskyi/.m2/repository/io/netty/netty-buffer/4.1.87.Final/netty-buffer-4.1.87.Final.jar:/Users/sergii.myslovskyi/.m2/repository/io/netty/netty-codec-http/4.1.87.Final/netty-codec-http-4.1.87.Final.jar:/Users/sergii.myslovskyi/.m2/repository/io/netty/netty-codec/4.1.87.Final/netty-codec-4.1.87.Final.jar:/Users/sergii.myslovskyi/.m2/repository/io/netty/netty-handler/4.1.87.Final/netty-handler-4.1.87.Final.jar:/Users/sergii.myslovskyi/.m2/repository/io/netty/netty-common/4.1.87.Final/netty-common-4.1.87.Final.jar:/Users/sergii.myslovskyi/.m2/repository/io/netty/netty-transport-classes-epoll/4.1.87.Final/netty-transport-classes-epoll-4.1.87.Final.jar:/Users/sergii.myslovskyi/.m2/repository/io/netty/netty-transport-classes-kqueue/4.1.87.Final/netty-transport-classes-kqueue-4.1.87.Final.jar:/Users/sergii.myslovskyi/.m2/repository/io/netty/netty-transport-native-epoll/4.1.87.Final/netty-transport-native-epoll-4.1.87.Final.jar:/Users/sergii.myslovskyi/.m2/repository/io/netty/netty-transport-native-kqueue/4.1.87.Final/netty-transport-native-kqueue-4.1.87.Final.jar:/Users/sergii.myslovskyi/.m2/repository/io/netty/netty-transport-native-unix-common/4.1.87.Final/netty-transport-native-unix-common-4.1.87.Final.jar:/Users/sergii.myslovskyi/.m2/repository/io/netty/netty-transport/4.1.87.Final/netty-transport-4.1.87.Final.jar:/Users/sergii.myslovskyi/.m2/repository/io/netty/netty-resolver/4.1.87.Final/netty-resolver-4.1.87.Final.jar:/Users/sergii.myslovskyi/.m2/repository/io/opentelemetry/opentelemetry-api/1.22.0/opentelemetry-api-1.22.0.jar:/Users/sergii.myslovskyi/.m2/repository/io/opentelemetry/opentelemetry-context/1.22.0/opentelemetry-context-1.22.0.jar:/Users/sergii.myslovskyi/.m2/repository/io/opentelemetry/opentelemetry-exporter-logging/1.22.0/opentelemetry-exporter-logging-1.22.0.jar:/Users/sergii.myslovskyi/.m2/repository/io/opentelemetry/opentelemetry-sdk-metrics/1.22.0/opentelemetry-sdk-metrics-1.22.0.jar:/Users/sergii.myslovskyi/.m2/repository/io/opentelemetry/opentelemetry-sdk-logs/1.22.0-alpha/opentelemetry-sdk-logs-1.22.0-alpha.jar:/Users/sergii.myslovskyi/.m2/repository/io/opentelemetry/opentelemetry-api-logs/1.22.0-alpha/opentelemetry-api-logs-1.22.0-alpha.jar:/Users/sergii.myslovskyi/.m2/repository/io/opentelemetry/opentelemetry-sdk-common/1.22.0/opentelemetry-sdk-common-1.22.0.jar:/Users/sergii.myslovskyi/.m2/repository/io/opentelemetry/opentelemetry-sdk-extension-autoconfigure-spi/1.22.0/opentelemetry-sdk-extension-autoconfigure-spi-1.22.0.jar:/Users/sergii.myslovskyi/.m2/repository/io/opentelemetry/opentelemetry-sdk-extension-autoconfigure/1.22.0-alpha/opentelemetry-sdk-extension-autoconfigure-1.22.0-alpha.jar:/Users/sergii.myslovskyi/.m2/repository/io/opentelemetry/opentelemetry-sdk-trace/1.22.0/opentelemetry-sdk-trace-1.22.0.jar:/Users/sergii.myslovskyi/.m2/repository/io/opentelemetry/opentelemetry-sdk/1.22.0/opentelemetry-sdk-1.22.0.jar:/Users/sergii.myslovskyi/.m2/repository/io/opentelemetry/opentelemetry-semconv/1.22.0-alpha/opentelemetry-semconv-1.22.0-alpha.jar:/Users/sergii.myslovskyi/.m2/repository/io/ous/jtoml/2.0.0/jtoml-2.0.0.jar:/Users/sergii.myslovskyi/.m2/repository/net/bytebuddy/byte-buddy/1.12.22/byte-buddy-1.12.22.jar:/Users/sergii.myslovskyi/.m2/repository/org/asynchttpclient/async-http-client/2.12.3/async-http-client-2.12.3.jar:/Users/sergii.myslovskyi/.m2/repository/org/asynchttpclient/async-http-client-netty-utils/2.12.3/async-http-client-netty-utils-2.12.3.jar:/Users/sergii.myslovskyi/.m2/repository/io/netty/netty-codec-socks/4.1.60.Final/netty-codec-socks-4.1.60.Final.jar:/Users/sergii.myslovskyi/.m2/repository/io/netty/netty-handler-proxy/4.1.60.Final/netty-handler-proxy-4.1.60.Final.jar:/Users/sergii.myslovskyi/.m2/repository/io/netty/netty-transport-native-epoll/4.1.60.Final/netty-transport-native-epoll-4.1.60.Final-linux-x86_64.jar:/Users/sergii.myslovskyi/.m2/repository/io/netty/netty-transport-native-kqueue/4.1.60.Final/netty-transport-native-kqueue-4.1.60.Final-osx-x86_64.jar:/Users/sergii.myslovskyi/.m2/repository/org/reactivestreams/reactive-streams/1.0.3/reactive-streams-1.0.3.jar:/Users/sergii.myslovskyi/.m2/repository/com/typesafe/netty/netty-reactive-streams/2.0.4/netty-reactive-streams-2.0.4.jar:/Users/sergii.myslovskyi/.m2/repository/com/sun/activation/jakarta.activation/1.2.2/jakarta.activation-1.2.2.jar:/Users/sergii.myslovskyi/.m2/repository/org/seleniumhq/selenium/selenium-manager/4.8.1/selenium-manager-4.8.1.jar:/Users/sergii.myslovskyi/.m2/repository/org/seleniumhq/selenium/selenium-safari-driver/4.8.1/selenium-safari-driver-4.8.1.jar:/Users/sergii.myslovskyi/.m2/repository/org/seleniumhq/selenium/selenium-support/4.8.1/selenium-support-4.8.1.jar:/Users/sergii.myslovskyi/.m2/repository/org/seleniumhq/selenium/selenium-chrome-driver/4.8.1/selenium-chrome-driver-4.8.1.jar:/Users/sergii.myslovskyi/.m2/repository/com/google/auto/service/auto-service-annotations/1.0.1/auto-service-annotations-1.0.1.jar:/Users/sergii.myslovskyi/.m2/repository/com/google/auto/service/auto-service/1.0.1/auto-service-1.0.1.jar:/Users/sergii.myslovskyi/.m2/repository/com/google/auto/auto-common/1.2/auto-common-1.2.jar:/Users/sergii.myslovskyi/.m2/repository/com/google/guava/guava/31.1-jre/guava-31.1-jre.jar:/Users/sergii.myslovskyi/.m2/repository/com/google/guava/failureaccess/1.0.1/failureaccess-1.0.1.jar:/Users/sergii.myslovskyi/.m2/repository/com/google/guava/listenablefuture/9999.0-empty-to-avoid-conflict-with-guava/listenablefuture-9999.0-empty-to-avoid-conflict-with-guava.jar:/Users/sergii.myslovskyi/.m2/repository/com/google/code/findbugs/jsr305/3.0.2/jsr305-3.0.2.jar:/Users/sergii.myslovskyi/.m2/repository/org/checkerframework/checker-qual/3.12.0/checker-qual-3.12.0.jar:/Users/sergii.myslovskyi/.m2/repository/com/google/errorprone/error_prone_annotations/2.11.0/error_prone_annotations-2.11.0.jar:/Users/sergii.myslovskyi/.m2/repository/com/google/j2objc/j2objc-annotations/1.3/j2objc-annotations-1.3.jar:/Users/sergii.myslovskyi/.m2/repository/org/seleniumhq/selenium/selenium-chromium-driver/4.8.1/selenium-chromium-driver-4.8.1.jar:/Users/sergii.myslovskyi/.m2/repository/org/seleniumhq/selenium/selenium-json/4.8.1/selenium-json-4.8.1.jar:/Users/sergii.myslovskyi/.m2/repository/com/codeborne/selenide/6.12.0/selenide-6.12.0.jar:/Users/sergii.myslovskyi/.m2/repository/com/codeborne/selenide-core/6.12.0/selenide-core-6.12.0.jar:/Users/sergii.myslovskyi/.m2/repository/org/opentest4j/opentest4j/1.2.0/opentest4j-1.2.0.jar:/Users/sergii.myslovskyi/.m2/repository/org/apache/commons/commons-compress/1.22/commons-compress-1.22.jar:/Users/sergii.myslovskyi/.m2/repository/org/apache/httpcomponents/client5/httpclient5/5.2.1/httpclient5-5.2.1.jar:/Users/sergii.myslovskyi/.m2/repository/org/apache/httpcomponents/core5/httpcore5/5.2/httpcore5-5.2.jar:/Users/sergii.myslovskyi/.m2/repository/org/apache/httpcomponents/core5/httpcore5-h2/5.2/httpcore5-h2-5.2.jar:/Users/sergii.myslovskyi/.m2/repository/org/apache/commons/commons-lang3/3.12.0/commons-lang3-3.12.0.jar:/Users/sergii.myslovskyi/.m2/repository/commons-io/commons-io/2.11.0/commons-io-2.11.0.jar:/Users/sergii.myslovskyi/.m2/repository/io/github/bonigarcia/webdrivermanager/3.7.1/webdrivermanager-3.7.1.jar:/Users/sergii.myslovskyi/.m2/repository/com/google/code/gson/gson/2.8.5/gson-2.8.5.jar:/Users/sergii.myslovskyi/.m2/repository/org/apache/httpcomponents/httpclient/4.5.6/httpclient-4.5.6.jar:/Users/sergii.myslovskyi/.m2/repository/org/apache/httpcomponents/httpcore/4.4.10/httpcore-4.4.10.jar:/Users/sergii.myslovskyi/.m2/repository/commons-logging/commons-logging/1.2/commons-logging-1.2.jar:/Users/sergii.myslovskyi/.m2/repository/commons-codec/commons-codec/1.10/commons-codec-1.10.jar:/Users/sergii.myslovskyi/.m2/repository/org/rauschig/jarchivelib/1.0.0/jarchivelib-1.0.0.jar:/Users/sergii.myslovskyi/.m2/repository/org/jsoup/jsoup/1.11.3/jsoup-1.11.3.jar:/Users/sergii.myslovskyi/.m2/repository/org/seleniumhq/selenium/selenium-api/4.8.1/selenium-api-4.8.1.jar:/Users/sergii.myslovskyi/.m2/repository/org/testng/testng/7.0.0/testng-7.0.0.jar:/Users/sergii.myslovskyi/.m2/repository/com/beust/jcommander/1.72/jcommander-1.72.jar:/Users/sergii.myslovskyi/.m2/repository/io/qameta/allure/allure-testng/2.13.5/allure-testng-2.13.5.jar:/Users/sergii.myslovskyi/.m2/repository/io/qameta/allure/allure-java-commons/2.13.5/allure-java-commons-2.13.5.jar:/Users/sergii.myslovskyi/.m2/repository/io/qameta/allure/allure-model/2.13.5/allure-model-2.13.5.jar:/Users/sergii.myslovskyi/.m2/repository/org/apache/tika/tika-core/1.20/tika-core-1.20.jar:/Users/sergii.myslovskyi/.m2/repository/org/jooq/joor-java-8/0.9.10/joor-java-8-0.9.10.jar:/Users/sergii.myslovskyi/.m2/repository/io/qameta/allure/allure-maven/2.10.0/allure-maven-2.10.0.jar:/Users/sergii.myslovskyi/.m2/repository/com/fasterxml/jackson/core/jackson-databind/2.9.7/jackson-databind-2.9.7.jar:/Users/sergii.myslovskyi/.m2/repository/com/fasterxml/jackson/core/jackson-annotations/2.9.0/jackson-annotations-2.9.0.jar:/Users/sergii.myslovskyi/.m2/repository/com/fasterxml/jackson/core/jackson-core/2.9.7/jackson-core-2.9.7.jar:/Users/sergii.myslovskyi/.m2/repository/org/apache/maven/maven-core/3.3.9/maven-core-3.3.9.jar:/Users/sergii.myslovskyi/.m2/repository/org/apache/maven/maven-model/3.3.9/maven-model-3.3.9.jar:/Users/sergii.myslovskyi/.m2/repository/org/apache/maven/maven-settings/3.3.9/maven-settings-3.3.9.jar:/Users/sergii.myslovskyi/.m2/repository/org/apache/maven/maven-settings-builder/3.3.9/maven-settings-builder-3.3.9.jar:/Users/sergii.myslovskyi/.m2/repository/org/apache/maven/maven-builder-support/3.3.9/maven-builder-support-3.3.9.jar:/Users/sergii.myslovskyi/.m2/repository/org/apache/maven/maven-repository-metadata/3.3.9/maven-repository-metadata-3.3.9.jar:/Users/sergii.myslovskyi/.m2/repository/org/apache/maven/maven-artifact/3.3.9/maven-artifact-3.3.9.jar:/Users/sergii.myslovskyi/.m2/repository/org/apache/maven/maven-plugin-api/3.3.9/maven-plugin-api-3.3.9.jar:/Users/sergii.myslovskyi/.m2/repository/org/apache/maven/maven-model-builder/3.3.9/maven-model-builder-3.3.9.jar:/Users/sergii.myslovskyi/.m2/repository/org/apache/maven/maven-aether-provider/3.3.9/maven-aether-provider-3.3.9.jar:/Users/sergii.myslovskyi/.m2/repository/org/eclipse/aether/aether-spi/1.0.2.v20150114/aether-spi-1.0.2.v20150114.jar:/Users/sergii.myslovskyi/.m2/repository/org/eclipse/aether/aether-impl/1.0.2.v20150114/aether-impl-1.0.2.v20150114.jar:/Users/sergii.myslovskyi/.m2/repository/org/eclipse/aether/aether-api/1.0.2.v20150114/aether-api-1.0.2.v20150114.jar:/Users/sergii.myslovskyi/.m2/repository/org/eclipse/aether/aether-util/1.0.2.v20150114/aether-util-1.0.2.v20150114.jar:/Users/sergii.myslovskyi/.m2/repository/org/eclipse/sisu/org.eclipse.sisu.plexus/0.3.2/org.eclipse.sisu.plexus-0.3.2.jar:/Users/sergii.myslovskyi/.m2/repository/javax/enterprise/cdi-api/1.0/cdi-api-1.0.jar:/Users/sergii.myslovskyi/.m2/repository/javax/annotation/jsr250-api/1.0/jsr250-api-1.0.jar:/Users/sergii.myslovskyi/.m2/repository/org/eclipse/sisu/org.eclipse.sisu.inject/0.3.2/org.eclipse.sisu.inject-0.3.2.jar:/Users/sergii.myslovskyi/.m2/repository/com/google/inject/guice/4.0/guice-4.0-no_aop.jar:/Users/sergii.myslovskyi/.m2/repository/javax/inject/javax.inject/1/javax.inject-1.jar:/Users/sergii.myslovskyi/.m2/repository/aopalliance/aopalliance/1.0/aopalliance-1.0.jar:/Users/sergii.myslovskyi/.m2/repository/org/codehaus/plexus/plexus-interpolation/1.21/plexus-interpolation-1.21.jar:/Users/sergii.myslovskyi/.m2/repository/org/codehaus/plexus/plexus-utils/3.0.22/plexus-utils-3.0.22.jar:/Users/sergii.myslovskyi/.m2/repository/org/codehaus/plexus/plexus-classworlds/2.5.2/plexus-classworlds-2.5.2.jar:/Users/sergii.myslovskyi/.m2/repository/org/codehaus/plexus/plexus-component-annotations/1.6/plexus-component-annotations-1.6.jar:/Users/sergii.myslovskyi/.m2/repository/org/sonatype/plexus/plexus-sec-dispatcher/1.3/plexus-sec-dispatcher-1.3.jar:/Users/sergii.myslovskyi/.m2/repository/org/sonatype/plexus/plexus-cipher/1.4/plexus-cipher-1.4.jar:/Users/sergii.myslovskyi/.m2/repository/org/apache/maven/reporting/maven-reporting-impl/2.4/maven-reporting-impl-2.4.jar:/Users/sergii.myslovskyi/.m2/repository/org/apache/maven/reporting/maven-reporting-api/3.0/maven-reporting-api-3.0.jar:/Users/sergii.myslovskyi/.m2/repository/org/apache/maven/maven-project/2.2.1/maven-project-2.2.1.jar:/Users/sergii.myslovskyi/.m2/repository/org/apache/maven/maven-profile/2.2.1/maven-profile-2.2.1.jar:/Users/sergii.myslovskyi/.m2/repository/org/apache/maven/maven-artifact-manager/2.2.1/maven-artifact-manager-2.2.1.jar:/Users/sergii.myslovskyi/.m2/repository/backport-util-concurrent/backport-util-concurrent/3.1/backport-util-concurrent-3.1.jar:/Users/sergii.myslovskyi/.m2/repository/org/apache/maven/maven-plugin-registry/2.2.1/maven-plugin-registry-2.2.1.jar:/Users/sergii.myslovskyi/.m2/repository/org/codehaus/plexus/plexus-container-default/1.0-alpha-9-stable-1/plexus-container-default-1.0-alpha-9-stable-1.jar:/Users/sergii.myslovskyi/.m2/repository/junit/junit/3.8.1/junit-3.8.1.jar:/Users/sergii.myslovskyi/.m2/repository/classworlds/classworlds/1.1-alpha-2/classworlds-1.1-alpha-2.jar:/Users/sergii.myslovskyi/.m2/repository/org/apache/maven/shared/maven-shared-utils/0.6/maven-shared-utils-0.6.jar:/Users/sergii.myslovskyi/.m2/repository/org/apache/maven/doxia/doxia-sink-api/1.6/doxia-sink-api-1.6.jar:/Users/sergii.myslovskyi/.m2/repository/org/apache/maven/doxia/doxia-logging-api/1.6/doxia-logging-api-1.6.jar:/Users/sergii.myslovskyi/.m2/repository/org/apache/maven/doxia/doxia-core/1.6/doxia-core-1.6.jar:/Users/sergii.myslovskyi/.m2/repository/xerces/xercesImpl/2.9.1/xercesImpl-2.9.1.jar:/Users/sergii.myslovskyi/.m2/repository/commons-lang/commons-lang/2.4/commons-lang-2.4.jar:/Users/sergii.myslovskyi/.m2/repository/xmlunit/xmlunit/1.5/xmlunit-1.5.jar:/Users/sergii.myslovskyi/.m2/repository/org/apache/maven/doxia/doxia-site-renderer/1.6/doxia-site-renderer-1.6.jar:/Users/sergii.myslovskyi/.m2/repository/org/apache/maven/doxia/doxia-decoration-model/1.6/doxia-decoration-model-1.6.jar:/Users/sergii.myslovskyi/.m2/repository/org/apache/maven/doxia/doxia-module-xhtml/1.6/doxia-module-xhtml-1.6.jar:/Users/sergii.myslovskyi/.m2/repository/org/apache/maven/doxia/doxia-module-fml/1.6/doxia-module-fml-1.6.jar:/Users/sergii.myslovskyi/.m2/repository/org/codehaus/plexus/plexus-i18n/1.0-beta-7/plexus-i18n-1.0-beta-7.jar:/Users/sergii.myslovskyi/.m2/repository/org/codehaus/plexus/plexus-velocity/1.1.7/plexus-velocity-1.1.7.jar:/Users/sergii.myslovskyi/.m2/repository/org/apache/velocity/velocity-tools/2.0/velocity-tools-2.0.jar:/Users/sergii.myslovskyi/.m2/repository/commons-chain/commons-chain/1.1/commons-chain-1.1.jar:/Users/sergii.myslovskyi/.m2/repository/dom4j/dom4j/1.1/dom4j-1.1.jar:/Users/sergii.myslovskyi/.m2/repository/sslext/sslext/1.2-0/sslext-1.2-0.jar:/Users/sergii.myslovskyi/.m2/repository/org/apache/struts/struts-core/1.3.8/struts-core-1.3.8.jar:/Users/sergii.myslovskyi/.m2/repository/org/apache/struts/struts-taglib/1.3.8/struts-taglib-1.3.8.jar:/Users/sergii.myslovskyi/.m2/repository/org/apache/struts/struts-tiles/1.3.8/struts-tiles-1.3.8.jar:/Users/sergii.myslovskyi/.m2/repository/commons-validator/commons-validator/1.4.1/commons-validator-1.4.1.jar:/Users/sergii.myslovskyi/.m2/repository/commons-digester/commons-digester/1.8.1/commons-digester-1.8.1.jar:/Users/sergii.myslovskyi/.m2/repository/commons-beanutils/commons-beanutils/1.9.3/commons-beanutils-1.9.3.jar:/Users/sergii.myslovskyi/.m2/repository/commons-collections/commons-collections/3.2.2/commons-collections-3.2.2.jar:/Users/sergii.myslovskyi/.m2/repository/net/lingala/zip4j/zip4j/1.3.2/zip4j-1.3.2.jar:/Users/sergii.myslovskyi/.m2/repository/org/apache/commons/commons-exec/1.3/commons-exec-1.3.jar:/Users/sergii.myslovskyi/.m2/repository/org/apache/maven/plugin-tools/maven-plugin-annotations/3.2/maven-plugin-annotations-3.2.jar:/Users/sergii.myslovskyi/.m2/repository/org/apache/maven/plugins/maven-jxr-plugin/2.5/maven-jxr-plugin-2.5.jar:/Users/sergii.myslovskyi/.m2/repository/org/apache/velocity/velocity/1.5/velocity-1.5.jar:/Users/sergii.myslovskyi/.m2/repository/oro/oro/2.0.8/oro-2.0.8.jar:/Users/sergii.myslovskyi/.m2/repository/org/apache/maven/maven-jxr/2.5/maven-jxr-2.5.jar:/Users/sergii.myslovskyi/.m2/repository/org/apache/maven/wagon/wagon-provider-api/1.0/wagon-provider-api-1.0.jar:/Users/sergii.myslovskyi/.m2/repository/xml-apis/xml-apis/1.0.b2/xml-apis-1.0.b2.jar:/Users/sergii.myslovskyi/.m2/repository/xalan/xalan/2.7.0/xalan-2.7.0.jar:"/>
    <property name="sun.cpu.endian" value="little"/>
    <property name="allure.results.directory" value="/Users/sergii.myslovskyi/Documents/OCE/SelenidePrj/target/allure-results"/>
    <property name="user.home" value="/Users/sergii.myslovskyi"/>
    <property name="user.language" value="en"/>
    <property name="java.specification.vendor" value="Oracle Corporation"/>
    <property name="suiteFile" value="tests_thread.xml"/>
    <property name="java.home" value="/Users/sergii.myslovskyi/.sdkman/candidates/java/8.0.202-zulu/jre"/>
    <property name="basedir" value="/Users/sergii.myslovskyi/Documents/OCE/SelenidePrj"/>
    <property name="file.separator" value="/"/>
    <property name="line.separator" value="&#10;"/>
    <property name="java.vm.specification.vendor" value="Oracle Corporation"/>
    <property name="java.specification.name" value="Java Platform API Specification"/>
    <property name="java.awt.graphicsenv" value="sun.awt.CGraphicsEnvironment"/>
    <property name="sun.boot.class.path" value="/Users/sergii.myslovskyi/.sdkman/candidates/java/8.0.202-zulu/jre/lib/resources.jar:/Users/sergii.myslovskyi/.sdkman/candidates/java/8.0.202-zulu/jre/lib/rt.jar:/Users/sergii.myslovskyi/.sdkman/candidates/java/8.0.202-zulu/jre/lib/sunrsasign.jar:/Users/sergii.myslovskyi/.sdkman/candidates/java/8.0.202-zulu/jre/lib/jsse.jar:/Users/sergii.myslovskyi/.sdkman/candidates/java/8.0.202-zulu/jre/lib/jce.jar:/Users/sergii.myslovskyi/.sdkman/candidates/java/8.0.202-zulu/jre/lib/charsets.jar:/Users/sergii.myslovskyi/.sdkman/candidates/java/8.0.202-zulu/jre/lib/jfr.jar:/Users/sergii.myslovskyi/.sdkman/candidates/java/8.0.202-zulu/jre/classes"/>
    <property name="sun.management.compiler" value="HotSpot 64-Bit Tiered Compilers"/>
    <property name="java.runtime.version" value="1.8.0_202-b05"/>
    <property name="user.name" value="sergii.myslovskyi"/>
    <property name="path.separator" value=":"/>
    <property name="os.version" value="10.15.7"/>
    <property name="java.endorsed.dirs" value="/Users/sergii.myslovskyi/.sdkman/candidates/java/8.0.202-zulu/jre/lib/endorsed"/>
    <property name="java.runtime.name" value="OpenJDK Runtime Environment"/>
    <property name="file.encoding" value="UTF-8"/>
    <property name="java.vm.name" value="OpenJDK 64-Bit Server VM"/>
    <property name="localRepository" value="/Users/sergii.myslovskyi/.m2/repository"/>
    <property name="java.vendor.url.bug" value="http://www.azulsystems.com/support/"/>
    <property name="java.io.tmpdir" value="/var/folders/c3/5kqmq7gd10g7rggfhjh7408nhcp_yk/T/"/>
    <property name="java.version" value="1.8.0_202"/>
    <property name="user.dir" value="/Users/sergii.myslovskyi/Documents/OCE/SelenidePrj"/>
    <property name="os.arch" value="x86_64"/>
    <property name="java.vm.specification.name" value="Java Virtual Machine Specification"/>
    <property name="java.awt.printerjob" value="sun.lwawt.macosx.CPrinterJob"/>
    <property name="sun.os.patch.level" value="unknown"/>
    <property name="allure.max.title.length" value="1000"/>
    <property name="java.library.path" value="/Users/sergii.myslovskyi/Library/Java/Extensions:/Library/Java/Extensions:/Network/Library/Java/Extensions:/System/Library/Java/Extensions:/usr/lib/java:."/>
    <property name="java.vm.info" value="mixed mode"/>
    <property name="java.vendor" value="Azul Systems, Inc."/>
    <property name="java.vm.version" value="25.202-b05"/>
    <property name="java.ext.dirs" value="/Users/sergii.myslovskyi/Library/Java/Extensions:/Users/sergii.myslovskyi/.sdkman/candidates/java/8.0.202-zulu/jre/lib/ext:/Library/Java/Extensions:/Network/Library/Java/Extensions:/System/Library/Java/Extensions:/usr/lib/java"/>
    <property name="sun.io.unicode.encoding" value="UnicodeBig"/>
    <property name="java.class.version" value="52.0"/>
  </properties>
</testsuite>